Traceback (most recent call last):
  File "/Users/adamaiken/Documents/fin-data-analysis-text/.venv/lib/python3.12/site-packages/jupyter_cache/executors/utils.py", line 58, in single_nb_execution
    executenb(
  File "/Users/adamaiken/Documents/fin-data-analysis-text/.venv/lib/python3.12/site-packages/nbclient/client.py", line 1323, in execute
    return NotebookClient(nb=nb, resources=resources, km=km, **kwargs).execute()
           ^^^^^^^^^^^^^^^^^^^^^^^^^^^^^^^^^^^^^^^^^^^^^^^^^^^^^^^^^^^^^^^^^^^^^
  File "/Users/adamaiken/Documents/fin-data-analysis-text/.venv/lib/python3.12/site-packages/jupyter_core/utils/__init__.py", line 165, in wrapped
    return loop.run_until_complete(inner)
           ^^^^^^^^^^^^^^^^^^^^^^^^^^^^^^
  File "/Users/adamaiken/.pyenv/versions/3.12.3/lib/python3.12/asyncio/base_events.py", line 687, in run_until_complete
    return future.result()
           ^^^^^^^^^^^^^^^
  File "/Users/adamaiken/Documents/fin-data-analysis-text/.venv/lib/python3.12/site-packages/nbclient/client.py", line 709, in async_execute
    await self.async_execute_cell(
  File "/Users/adamaiken/Documents/fin-data-analysis-text/.venv/lib/python3.12/site-packages/nbclient/client.py", line 1062, in async_execute_cell
    await self._check_raise_for_error(cell, cell_index, exec_reply)
  File "/Users/adamaiken/Documents/fin-data-analysis-text/.venv/lib/python3.12/site-packages/nbclient/client.py", line 918, in _check_raise_for_error
    raise CellExecutionError.from_cell_and_msg(cell, exec_reply_content)
nbclient.exceptions.CellExecutionError: An error occurred while executing the following cell:
------------------
# print summary statistics
print("\nSummary statistics\n", raw.describe())
print("\nCorrelation matrix\n", raw.corr())
------------------

----- stdout -----

Summary statistics
        Corruption       Peace       Legal  GDP Growth
count  121.000000  121.000000  121.000000  121.000000
mean    46.842975    2.001017    5.752529    2.657529
std     18.702499    0.461485    1.373932    2.563741
min     15.000000    1.072000    2.671000   -9.459000
25%     33.000000    1.699000    4.785000    1.249000
50%     41.000000    1.939000    5.455000    2.600000
75%     60.000000    2.294000    6.488000    4.000000
max     87.000000    3.369000    8.712000    7.800000
------------------

[31m---------------------------------------------------------------------------[39m
[31mValueError[39m                                Traceback (most recent call last)
[36mCell[39m[36m [39m[32mIn[3][39m[32m, line 3[39m
[32m      1[39m [38;5;66;03m# print summary statistics[39;00m
[32m      2[39m [38;5;28mprint[39m([33m"[39m[38;5;130;01m\n[39;00m[33mSummary statistics[39m[38;5;130;01m\n[39;00m[33m"[39m, raw.describe())
[32m----> [39m[32m3[39m [38;5;28mprint[39m([33m"[39m[38;5;130;01m\n[39;00m[33mCorrelation matrix[39m[38;5;130;01m\n[39;00m[33m"[39m, [43mraw[49m[43m.[49m[43mcorr[49m[43m([49m[43m)[49m)

[36mFile [39m[32m~/Documents/fin-data-analysis-text/.venv/lib/python3.12/site-packages/pandas/core/frame.py:13117[39m, in [36mDataFrame.corr[39m[34m(self, method, min_periods, numeric_only)[39m
[32m  13115[39m cols = data.columns
[32m  13116[39m idx = cols.copy()
[32m> [39m[32m13117[39m mat = [43mdata[49m[43m.[49m[43mto_numpy[49m[43m([49m[43mdtype[49m[43m=[49m[38;5;28;43mfloat[39;49m[43m,[49m[43m [49m[43mna_value[49m[43m=[49m[43mnp[49m[43m.[49m[43mnan[49m[43m,[49m[43m [49m[43mcopy[49m[43m=[49m[38;5;28;43;01mFalse[39;49;00m[43m)[49m
[32m  13119[39m [38;5;28;01mif[39;00m method == [33m"[39m[33mpearson[39m[33m"[39m:
[32m  13120[39m     correl = libalgos.nancorr(mat, minp=min_periods)

[36mFile [39m[32m~/Documents/fin-data-analysis-text/.venv/lib/python3.12/site-packages/pandas/core/frame.py:2081[39m, in [36mDataFrame.to_numpy[39m[34m(self, dtype, copy, na_value)[39m
[32m   2079[39m [38;5;28;01mif[39;00m dtype [38;5;129;01mis[39;00m [38;5;129;01mnot[39;00m [38;5;28;01mNone[39;00m:
[32m   2080[39m     dtype = np.dtype(dtype)
[32m-> [39m[32m2081[39m result = [38;5;28;43mself[39;49m[43m.[49m[43m_mgr[49m[43m.[49m[43mas_array[49m[43m([49m[43mdtype[49m[43m=[49m[43mdtype[49m[43m,[49m[43m [49m[43mcopy[49m[43m=[49m[43mcopy[49m[43m,[49m[43m [49m[43mna_value[49m[43m=[49m[43mna_value[49m[43m)[49m
[32m   2082[39m [38;5;28;01mif[39;00m result.dtype [38;5;129;01mis[39;00m [38;5;129;01mnot[39;00m dtype:
[32m   2083[39m     result = np.asarray(result, dtype=dtype)

[36mFile [39m[32m~/Documents/fin-data-analysis-text/.venv/lib/python3.12/site-packages/pandas/core/internals/managers.py:1847[39m, in [36mBlockManager.as_array[39m[34m(self, dtype, copy, na_value)[39m
[32m   1845[39m         arr.flags.writeable = [38;5;28;01mFalse[39;00m
[32m   1846[39m [38;5;28;01melse[39;00m:
[32m-> [39m[32m1847[39m     arr = [38;5;28;43mself[39;49m[43m.[49m[43m_interleave[49m[43m([49m[43mdtype[49m[43m=[49m[43mdtype[49m[43m,[49m[43m [49m[43mna_value[49m[43m=[49m[43mna_value[49m[43m)[49m
[32m   1848[39m     [38;5;66;03m# The underlying data was copied within _interleave, so no need[39;00m
[32m   1849[39m     [38;5;66;03m# to further copy if copy=True or setting na_value[39;00m
[32m   1851[39m [38;5;28;01mif[39;00m na_value [38;5;129;01mis[39;00m lib.no_default:

[36mFile [39m[32m~/Documents/fin-data-analysis-text/.venv/lib/python3.12/site-packages/pandas/core/internals/managers.py:1900[39m, in [36mBlockManager._interleave[39m[34m(self, dtype, na_value)[39m
[32m   1894[39m rl = blk.mgr_locs
[32m   1895[39m [38;5;28;01mif[39;00m blk.is_extension:
[32m   1896[39m     [38;5;66;03m# Avoid implicit conversion of extension blocks to object[39;00m
[32m   1897[39m 
[32m   1898[39m     [38;5;66;03m# error: Item "ndarray" of "Union[ndarray, ExtensionArray]" has no[39;00m
[32m   1899[39m     [38;5;66;03m# attribute "to_numpy"[39;00m
[32m-> [39m[32m1900[39m     arr = [43mblk[49m[43m.[49m[43mvalues[49m[43m.[49m[43mto_numpy[49m[43m([49m[43m  [49m[38;5;66;43;03m# type: ignore[union-attr][39;49;00m
[32m   1901[39m [43m        [49m[43mdtype[49m[43m=[49m[43mdtype[49m[43m,[49m
[32m   1902[39m [43m        [49m[43mna_value[49m[43m=[49m[43mna_value[49m[43m,[49m
[32m   1903[39m [43m    [49m[43m)[49m
[32m   1904[39m [38;5;28;01melse[39;00m:
[32m   1905[39m     arr = blk.get_values(dtype)

[36mFile [39m[32m~/Documents/fin-data-analysis-text/.venv/lib/python3.12/site-packages/pandas/core/arrays/numpy_.py:589[39m, in [36mNumpyExtensionArray.to_numpy[39m[34m(self, dtype, copy, na_value)[39m
[32m    586[39m         result = result.view()
[32m    587[39m         result.flags.writeable = [38;5;28;01mFalse[39;00m
[32m--> [39m[32m589[39m result = [43mnp[49m[43m.[49m[43masarray[49m[43m([49m[43mresult[49m[43m,[49m[43m [49m[43mdtype[49m[43m=[49m[43mdtype[49m[43m)[49m
[32m    591[39m [38;5;28;01mif[39;00m copy [38;5;129;01mand[39;00m result [38;5;129;01mis[39;00m [38;5;28mself[39m._ndarray:
[32m    592[39m     result = result.copy()

[31mValueError[39m: could not convert string to float: 'Albania'

