Traceback (most recent call last):
  File "/Users/adamaiken/Documents/fin-data-analysis-text/.venv/lib/python3.12/site-packages/jupyter_cache/executors/utils.py", line 58, in single_nb_execution
    executenb(
  File "/Users/adamaiken/Documents/fin-data-analysis-text/.venv/lib/python3.12/site-packages/nbclient/client.py", line 1323, in execute
    return NotebookClient(nb=nb, resources=resources, km=km, **kwargs).execute()
           ^^^^^^^^^^^^^^^^^^^^^^^^^^^^^^^^^^^^^^^^^^^^^^^^^^^^^^^^^^^^^^^^^^^^^
  File "/Users/adamaiken/Documents/fin-data-analysis-text/.venv/lib/python3.12/site-packages/jupyter_core/utils/__init__.py", line 165, in wrapped
    return loop.run_until_complete(inner)
           ^^^^^^^^^^^^^^^^^^^^^^^^^^^^^^
  File "/Users/adamaiken/.pyenv/versions/3.12.3/lib/python3.12/asyncio/base_events.py", line 687, in run_until_complete
    return future.result()
           ^^^^^^^^^^^^^^^
  File "/Users/adamaiken/Documents/fin-data-analysis-text/.venv/lib/python3.12/site-packages/nbclient/client.py", line 709, in async_execute
    await self.async_execute_cell(
  File "/Users/adamaiken/Documents/fin-data-analysis-text/.venv/lib/python3.12/site-packages/nbclient/client.py", line 1062, in async_execute_cell
    await self._check_raise_for_error(cell, cell_index, exec_reply)
  File "/Users/adamaiken/Documents/fin-data-analysis-text/.venv/lib/python3.12/site-packages/nbclient/client.py", line 918, in _check_raise_for_error
    raise CellExecutionError.from_cell_and_msg(cell, exec_reply_content)
nbclient.exceptions.CellExecutionError: An error occurred while executing the following cell:
------------------
# remove target column to create feature only dataset
X_train = train.drop('loan_status', 1)
X_val=validation.drop('loan_status', 1)
X_test = test.drop('loan_status', 1)

# Scale data using the mean and standard deviation of the training set. 
# This is not necessary for the simple logistic regression we will do here 
# but should be done if L1 or L2 regrularization is carried out
X_test=(X_test-X_train.mean())/X_train.std()
X_val=(X_val-X_train.mean())/X_train.std()
X_train=(X_train-X_train.mean())/X_train.std()

# store target column as y-variables 
y_train = train['loan_status']
y_val=validation['loan_status']
y_test = test['loan_status']

------------------


[31m---------------------------------------------------------------------------[39m
[31mTypeError[39m                                 Traceback (most recent call last)
[36mCell[39m[36m [39m[32mIn[36][39m[32m, line 2[39m
[32m      1[39m [38;5;66;03m# remove target column to create feature only dataset[39;00m
[32m----> [39m[32m2[39m X_train = [43mtrain[49m[43m.[49m[43mdrop[49m[43m([49m[33;43m'[39;49m[33;43mloan_status[39;49m[33;43m'[39;49m[43m,[49m[43m [49m[32;43m1[39;49m[43m)[49m
[32m      3[39m X_val=validation.drop([33m'[39m[33mloan_status[39m[33m'[39m, [32m1[39m)
[32m      4[39m X_test = test.drop([33m'[39m[33mloan_status[39m[33m'[39m, [32m1[39m)

[31mTypeError[39m: DataFrame.drop() takes from 1 to 2 positional arguments but 3 were given

