Traceback (most recent call last):
  File "/Users/adamaiken/Documents/fin-data-analysis-text/.venv/lib/python3.12/site-packages/jupyter_cache/executors/utils.py", line 58, in single_nb_execution
    executenb(
  File "/Users/adamaiken/Documents/fin-data-analysis-text/.venv/lib/python3.12/site-packages/nbclient/client.py", line 1323, in execute
    return NotebookClient(nb=nb, resources=resources, km=km, **kwargs).execute()
           ^^^^^^^^^^^^^^^^^^^^^^^^^^^^^^^^^^^^^^^^^^^^^^^^^^^^^^^^^^^^^^^^^^^^^
  File "/Users/adamaiken/Documents/fin-data-analysis-text/.venv/lib/python3.12/site-packages/jupyter_core/utils/__init__.py", line 165, in wrapped
    return loop.run_until_complete(inner)
           ^^^^^^^^^^^^^^^^^^^^^^^^^^^^^^
  File "/Users/adamaiken/.pyenv/versions/3.12.3/lib/python3.12/asyncio/base_events.py", line 687, in run_until_complete
    return future.result()
           ^^^^^^^^^^^^^^^
  File "/Users/adamaiken/Documents/fin-data-analysis-text/.venv/lib/python3.12/site-packages/nbclient/client.py", line 709, in async_execute
    await self.async_execute_cell(
  File "/Users/adamaiken/Documents/fin-data-analysis-text/.venv/lib/python3.12/site-packages/nbclient/client.py", line 1062, in async_execute_cell
    await self._check_raise_for_error(cell, cell_index, exec_reply)
  File "/Users/adamaiken/Documents/fin-data-analysis-text/.venv/lib/python3.12/site-packages/nbclient/client.py", line 918, in _check_raise_for_error
    raise CellExecutionError.from_cell_and_msg(cell, exec_reply_content)
nbclient.exceptions.CellExecutionError: An error occurred while executing the following cell:
------------------
# Bad - cramped and hard to read
portfolio_return=weights[0]*returns[0]+weights[1]*returns[1]+weights[2]*returns[2]

# Good - breathing room
portfolio_return = weights[0] * returns[0] + weights[1] * returns[1] + weights[2] * returns[2]

# Even better - break long lines
portfolio_return = (weights[0] * returns[0] 
                    + weights[1] * returns[1] 
                    + weights[2] * returns[2])
------------------


[31m---------------------------------------------------------------------------[39m
[31mNameError[39m                                 Traceback (most recent call last)
[36mCell[39m[36m [39m[32mIn[3][39m[32m, line 2[39m
[32m      1[39m [38;5;66;03m# Bad - cramped and hard to read[39;00m
[32m----> [39m[32m2[39m portfolio_return=[43mweights[49m[[32m0[39m]*returns[[32m0[39m]+weights[[32m1[39m]*returns[[32m1[39m]+weights[[32m2[39m]*returns[[32m2[39m]
[32m      4[39m [38;5;66;03m# Good - breathing room[39;00m
[32m      5[39m portfolio_return = weights[[32m0[39m] * returns[[32m0[39m] + weights[[32m1[39m] * returns[[32m1[39m] + weights[[32m2[39m] * returns[[32m2[39m]

[31mNameError[39m: name 'weights' is not defined

