Traceback (most recent call last):
  File "/opt/anaconda3/lib/python3.9/site-packages/jupyter_cache/executors/utils.py", line 51, in single_nb_execution
    executenb(
  File "/opt/anaconda3/lib/python3.9/site-packages/nbclient/client.py", line 1204, in execute
    return NotebookClient(nb=nb, resources=resources, km=km, **kwargs).execute()
  File "/opt/anaconda3/lib/python3.9/site-packages/nbclient/util.py", line 84, in wrapped
    return just_run(coro(*args, **kwargs))
  File "/opt/anaconda3/lib/python3.9/site-packages/nbclient/util.py", line 62, in just_run
    return loop.run_until_complete(coro)
  File "/opt/anaconda3/lib/python3.9/asyncio/base_events.py", line 647, in run_until_complete
    return future.result()
  File "/opt/anaconda3/lib/python3.9/site-packages/nbclient/client.py", line 663, in async_execute
    await self.async_execute_cell(
  File "/opt/anaconda3/lib/python3.9/site-packages/nbclient/client.py", line 965, in async_execute_cell
    await self._check_raise_for_error(cell, cell_index, exec_reply)
  File "/opt/anaconda3/lib/python3.9/site-packages/nbclient/client.py", line 862, in _check_raise_for_error
    raise CellExecutionError.from_cell_and_msg(cell, exec_reply_content)
nbclient.exceptions.CellExecutionError: An error occurred while executing the following cell:
------------------
import numpy as np
import pandas as pd
import statsmodels.formula.api as smf
import janitor
from janitor import clean_names

hf = pd.read_excel('https://raw.githubusercontent.com/aaiken1/fin-data-analysis-python/main/data/hf_rets.xlsx',
                  index_col=0, parse_dates=True)  

hf = hf.clean_names()

hf.describe()

------------------

[0;31m---------------------------------------------------------------------------[0m
[0;31mImportError[0m                               Traceback (most recent call last)
Cell [0;32mIn[2], line 4[0m
[1;32m      2[0m [38;5;28;01mimport[39;00m [38;5;21;01mpandas[39;00m [38;5;28;01mas[39;00m [38;5;21;01mpd[39;00m
[1;32m      3[0m [38;5;28;01mimport[39;00m [38;5;21;01mstatsmodels[39;00m[38;5;21;01m.[39;00m[38;5;21;01mformula[39;00m[38;5;21;01m.[39;00m[38;5;21;01mapi[39;00m [38;5;28;01mas[39;00m [38;5;21;01msmf[39;00m
[0;32m----> 4[0m [38;5;28;01mimport[39;00m [38;5;21;01mjanitor[39;00m
[1;32m      5[0m [38;5;28;01mfrom[39;00m [38;5;21;01mjanitor[39;00m [38;5;28;01mimport[39;00m clean_names
[1;32m      7[0m hf [38;5;241m=[39m pd[38;5;241m.[39mread_excel([38;5;124m'[39m[38;5;124mhttps://raw.githubusercontent.com/aaiken1/fin-data-analysis-python/main/data/hf_rets.xlsx[39m[38;5;124m'[39m,
[1;32m      8[0m                   index_col[38;5;241m=[39m[38;5;241m0[39m, parse_dates[38;5;241m=[39m[38;5;28;01mTrue[39;00m)  

File [0;32m/opt/anaconda3/lib/python3.9/site-packages/janitor/__init__.py:9[0m
[1;32m      5[0m [38;5;28;01mimport[39;00m [38;5;21;01mlazy_loader[39;00m [38;5;28;01mas[39;00m [38;5;21;01mlazy[39;00m
[1;32m      8[0m [38;5;28;01mfrom[39;00m [38;5;21;01m.[39;00m[38;5;21;01maccessors[39;00m [38;5;28;01mimport[39;00m [38;5;241m*[39m  [38;5;66;03m# noqa: F403, F401[39;00m
[0;32m----> 9[0m [38;5;28;01mfrom[39;00m [38;5;21;01m.[39;00m[38;5;21;01mfunctions[39;00m [38;5;28;01mimport[39;00m [38;5;241m*[39m  [38;5;66;03m# noqa: F403, F401[39;00m
[1;32m     10[0m [38;5;28;01mfrom[39;00m [38;5;21;01m.[39;00m[38;5;21;01mio[39;00m [38;5;28;01mimport[39;00m [38;5;241m*[39m  [38;5;66;03m# noqa: F403, F401[39;00m
[1;32m     11[0m [38;5;28;01mfrom[39;00m [38;5;21;01m.[39;00m[38;5;21;01mmath[39;00m [38;5;28;01mimport[39;00m [38;5;241m*[39m  [38;5;66;03m# noqa: F403, F401[39;00m

File [0;32m/opt/anaconda3/lib/python3.9/site-packages/janitor/functions/__init__.py:25[0m
[1;32m     23[0m [38;5;28;01mfrom[39;00m [38;5;21;01m.[39;00m[38;5;21;01mchange_type[39;00m [38;5;28;01mimport[39;00m change_type
[1;32m     24[0m [38;5;28;01mfrom[39;00m [38;5;21;01m.[39;00m[38;5;21;01mclean_names[39;00m [38;5;28;01mimport[39;00m clean_names
[0;32m---> 25[0m [38;5;28;01mfrom[39;00m [38;5;21;01m.[39;00m[38;5;21;01mcoalesce[39;00m [38;5;28;01mimport[39;00m coalesce
[1;32m     26[0m [38;5;28;01mfrom[39;00m [38;5;21;01m.[39;00m[38;5;21;01mcollapse_levels[39;00m [38;5;28;01mimport[39;00m collapse_levels
[1;32m     27[0m [38;5;28;01mfrom[39;00m [38;5;21;01m.[39;00m[38;5;21;01mcomplete[39;00m [38;5;28;01mimport[39;00m complete

File [0;32m/opt/anaconda3/lib/python3.9/site-packages/janitor/functions/coalesce.py:7[0m
[1;32m      4[0m [38;5;28;01mimport[39;00m [38;5;21;01mpandas_flavor[39;00m [38;5;28;01mas[39;00m [38;5;21;01mpf[39;00m
[1;32m      6[0m [38;5;28;01mfrom[39;00m [38;5;21;01mjanitor[39;00m[38;5;21;01m.[39;00m[38;5;21;01mutils[39;00m [38;5;28;01mimport[39;00m check, deprecated_alias
[0;32m----> 7[0m [38;5;28;01mfrom[39;00m [38;5;21;01mjanitor[39;00m[38;5;21;01m.[39;00m[38;5;21;01mfunctions[39;00m[38;5;21;01m.[39;00m[38;5;21;01mutils[39;00m [38;5;28;01mimport[39;00m _select_index
[1;32m     10[0m [38;5;129m@pf[39m[38;5;241m.[39mregister_dataframe_method
[1;32m     11[0m [38;5;129m@deprecated_alias[39m(columns[38;5;241m=[39m[38;5;124m"[39m[38;5;124mcolumn_names[39m[38;5;124m"[39m, new_column_name[38;5;241m=[39m[38;5;124m"[39m[38;5;124mtarget_column_name[39m[38;5;124m"[39m)
[1;32m     12[0m [38;5;28;01mdef[39;00m [38;5;21mcoalesce[39m(
[0;32m   (...)[0m
[1;32m     16[0m     default_value: Optional[Union[[38;5;28mint[39m, [38;5;28mfloat[39m, [38;5;28mstr[39m]] [38;5;241m=[39m [38;5;28;01mNone[39;00m,
[1;32m     17[0m ) [38;5;241m-[39m[38;5;241m>[39m pd[38;5;241m.[39mDataFrame:
[1;32m     18[0m     [38;5;124;03m"""Coalesce two or more columns of data in order of column names provided.[39;00m
[1;32m     19[0m 
[1;32m     20[0m [38;5;124;03m    Given the variable arguments of column names,[39;00m
[0;32m   (...)[0m
[1;32m     87[0m [38;5;124;03m    :raises ValueError: if length of `column_names` is less than 2.[39;00m
[1;32m     88[0m [38;5;124;03m    """[39;00m

File [0;32m/opt/anaconda3/lib/python3.9/site-packages/janitor/functions/utils.py:16[0m
[1;32m      5[0m [38;5;28;01mimport[39;00m [38;5;21;01mre[39;00m
[1;32m      6[0m [38;5;28;01mfrom[39;00m [38;5;21;01mtyping[39;00m [38;5;28;01mimport[39;00m (
[1;32m      7[0m     Hashable,
[1;32m      8[0m     Iterable,
[0;32m   (...)[0m
[1;32m     14[0m     Any,
[1;32m     15[0m )
[0;32m---> 16[0m [38;5;28;01mfrom[39;00m [38;5;21;01mpandas[39;00m[38;5;21;01m.[39;00m[38;5;21;01mcore[39;00m[38;5;21;01m.[39;00m[38;5;21;01mdtypes[39;00m[38;5;21;01m.[39;00m[38;5;21;01mgeneric[39;00m [38;5;28;01mimport[39;00m ABCPandasArray, ABCExtensionArray
[1;32m     17[0m [38;5;28;01mfrom[39;00m [38;5;21;01mpandas[39;00m[38;5;21;01m.[39;00m[38;5;21;01mcore[39;00m[38;5;21;01m.[39;00m[38;5;21;01mcommon[39;00m [38;5;28;01mimport[39;00m is_bool_indexer
[1;32m     18[0m [38;5;28;01mfrom[39;00m [38;5;21;01mdataclasses[39;00m [38;5;28;01mimport[39;00m dataclass

[0;31mImportError[0m: cannot import name 'ABCPandasArray' from 'pandas.core.dtypes.generic' (/opt/anaconda3/lib/python3.9/site-packages/pandas/core/dtypes/generic.py)
ImportError: cannot import name 'ABCPandasArray' from 'pandas.core.dtypes.generic' (/opt/anaconda3/lib/python3.9/site-packages/pandas/core/dtypes/generic.py)

