Traceback (most recent call last):
  File "/opt/anaconda3/lib/python3.9/site-packages/jupyter_cache/executors/utils.py", line 51, in single_nb_execution
    executenb(
  File "/opt/anaconda3/lib/python3.9/site-packages/nbclient/client.py", line 1204, in execute
    return NotebookClient(nb=nb, resources=resources, km=km, **kwargs).execute()
  File "/opt/anaconda3/lib/python3.9/site-packages/nbclient/util.py", line 84, in wrapped
    return just_run(coro(*args, **kwargs))
  File "/opt/anaconda3/lib/python3.9/site-packages/nbclient/util.py", line 62, in just_run
    return loop.run_until_complete(coro)
  File "/opt/anaconda3/lib/python3.9/asyncio/base_events.py", line 647, in run_until_complete
    return future.result()
  File "/opt/anaconda3/lib/python3.9/site-packages/nbclient/client.py", line 663, in async_execute
    await self.async_execute_cell(
  File "/opt/anaconda3/lib/python3.9/site-packages/nbclient/client.py", line 965, in async_execute_cell
    await self._check_raise_for_error(cell, cell_index, exec_reply)
  File "/opt/anaconda3/lib/python3.9/site-packages/nbclient/client.py", line 862, in _check_raise_for_error
    raise CellExecutionError.from_cell_and_msg(cell, exec_reply_content)
nbclient.exceptions.CellExecutionError: An error occurred while executing the following cell:
------------------
sns.pairplot(loans, hue='loan_status');

------------------

[0;31m---------------------------------------------------------------------------[0m
[0;31mOptionError[0m                               Traceback (most recent call last)
Cell [0;32mIn[9], line 1[0m
[0;32m----> 1[0m [43msns[49m[38;5;241;43m.[39;49m[43mpairplot[49m[43m([49m[43mloans[49m[43m,[49m[43m [49m[43mhue[49m[38;5;241;43m=[39;49m[38;5;124;43m'[39;49m[38;5;124;43mloan_status[39;49m[38;5;124;43m'[39;49m[43m)[49m

File [0;32m/opt/anaconda3/lib/python3.9/site-packages/seaborn/_decorators.py:46[0m, in [0;36m_deprecate_positional_args.<locals>.inner_f[0;34m(*args, **kwargs)[0m
[1;32m     36[0m     warnings[38;5;241m.[39mwarn(
[1;32m     37[0m         [38;5;124m"[39m[38;5;124mPass the following variable[39m[38;5;132;01m{}[39;00m[38;5;124m as [39m[38;5;132;01m{}[39;00m[38;5;124mkeyword arg[39m[38;5;132;01m{}[39;00m[38;5;124m: [39m[38;5;132;01m{}[39;00m[38;5;124m. [39m[38;5;124m"[39m
[1;32m     38[0m         [38;5;124m"[39m[38;5;124mFrom version 0.12, the only valid positional argument [39m[38;5;124m"[39m
[0;32m   (...)[0m
[1;32m     43[0m         [38;5;167;01mFutureWarning[39;00m
[1;32m     44[0m     )
[1;32m     45[0m kwargs[38;5;241m.[39mupdate({k: arg [38;5;28;01mfor[39;00m k, arg [38;5;129;01min[39;00m [38;5;28mzip[39m(sig[38;5;241m.[39mparameters, args)})
[0;32m---> 46[0m [38;5;28;01mreturn[39;00m [43mf[49m[43m([49m[38;5;241;43m*[39;49m[38;5;241;43m*[39;49m[43mkwargs[49m[43m)[49m

File [0;32m/opt/anaconda3/lib/python3.9/site-packages/seaborn/axisgrid.py:2130[0m, in [0;36mpairplot[0;34m(data, hue, hue_order, palette, vars, x_vars, y_vars, kind, diag_kind, markers, height, aspect, corner, dropna, plot_kws, diag_kws, grid_kws, size)[0m
[1;32m   2128[0m     diag_kws[38;5;241m.[39msetdefault([38;5;124m"[39m[38;5;124mfill[39m[38;5;124m"[39m, [38;5;28;01mTrue[39;00m)
[1;32m   2129[0m     diag_kws[38;5;241m.[39msetdefault([38;5;124m"[39m[38;5;124mwarn_singular[39m[38;5;124m"[39m, [38;5;28;01mFalse[39;00m)
[0;32m-> 2130[0m     [43mgrid[49m[38;5;241;43m.[39;49m[43mmap_diag[49m[43m([49m[43mkdeplot[49m[43m,[49m[43m [49m[38;5;241;43m*[39;49m[38;5;241;43m*[39;49m[43mdiag_kws[49m[43m)[49m
[1;32m   2132[0m [38;5;66;03m# Maybe plot on the off-diagonals[39;00m
[1;32m   2133[0m [38;5;28;01mif[39;00m diag_kind [38;5;129;01mis[39;00m [38;5;129;01mnot[39;00m [38;5;28;01mNone[39;00m:

File [0;32m/opt/anaconda3/lib/python3.9/site-packages/seaborn/axisgrid.py:1478[0m, in [0;36mPairGrid.map_diag[0;34m(self, func, **kwargs)[0m
[1;32m   1476[0m     plot_kwargs[38;5;241m.[39msetdefault([38;5;124m"[39m[38;5;124mhue_order[39m[38;5;124m"[39m, [38;5;28mself[39m[38;5;241m.[39m_hue_order)
[1;32m   1477[0m     plot_kwargs[38;5;241m.[39msetdefault([38;5;124m"[39m[38;5;124mpalette[39m[38;5;124m"[39m, [38;5;28mself[39m[38;5;241m.[39m_orig_palette)
[0;32m-> 1478[0m     [43mfunc[49m[43m([49m[43mx[49m[38;5;241;43m=[39;49m[43mvector[49m[43m,[49m[43m [49m[38;5;241;43m*[39;49m[38;5;241;43m*[39;49m[43mplot_kwargs[49m[43m)[49m
[1;32m   1479[0m     ax[38;5;241m.[39mlegend_ [38;5;241m=[39m [38;5;28;01mNone[39;00m
[1;32m   1481[0m [38;5;28mself[39m[38;5;241m.[39m_add_axis_labels()

File [0;32m/opt/anaconda3/lib/python3.9/site-packages/seaborn/_decorators.py:46[0m, in [0;36m_deprecate_positional_args.<locals>.inner_f[0;34m(*args, **kwargs)[0m
[1;32m     36[0m     warnings[38;5;241m.[39mwarn(
[1;32m     37[0m         [38;5;124m"[39m[38;5;124mPass the following variable[39m[38;5;132;01m{}[39;00m[38;5;124m as [39m[38;5;132;01m{}[39;00m[38;5;124mkeyword arg[39m[38;5;132;01m{}[39;00m[38;5;124m: [39m[38;5;132;01m{}[39;00m[38;5;124m. [39m[38;5;124m"[39m
[1;32m     38[0m         [38;5;124m"[39m[38;5;124mFrom version 0.12, the only valid positional argument [39m[38;5;124m"[39m
[0;32m   (...)[0m
[1;32m     43[0m         [38;5;167;01mFutureWarning[39;00m
[1;32m     44[0m     )
[1;32m     45[0m kwargs[38;5;241m.[39mupdate({k: arg [38;5;28;01mfor[39;00m k, arg [38;5;129;01min[39;00m [38;5;28mzip[39m(sig[38;5;241m.[39mparameters, args)})
[0;32m---> 46[0m [38;5;28;01mreturn[39;00m [43mf[49m[43m([49m[38;5;241;43m*[39;49m[38;5;241;43m*[39;49m[43mkwargs[49m[43m)[49m

File [0;32m/opt/anaconda3/lib/python3.9/site-packages/seaborn/distributions.py:1770[0m, in [0;36mkdeplot[0;34m(x, y, shade, vertical, kernel, bw, gridsize, cut, clip, legend, cumulative, shade_lowest, cbar, cbar_ax, cbar_kws, ax, weights, hue, palette, hue_order, hue_norm, multiple, common_norm, common_grid, levels, thresh, bw_method, bw_adjust, log_scale, color, fill, data, data2, warn_singular, **kwargs)[0m
[1;32m   1767[0m     [38;5;28;01mif[39;00m color [38;5;129;01mis[39;00m [38;5;129;01mnot[39;00m [38;5;28;01mNone[39;00m:
[1;32m   1768[0m         plot_kws[[38;5;124m"[39m[38;5;124mcolor[39m[38;5;124m"[39m] [38;5;241m=[39m color
[0;32m-> 1770[0m     [43mp[49m[38;5;241;43m.[39;49m[43mplot_univariate_density[49m[43m([49m
[1;32m   1771[0m [43m        [49m[43mmultiple[49m[38;5;241;43m=[39;49m[43mmultiple[49m[43m,[49m
[1;32m   1772[0m [43m        [49m[43mcommon_norm[49m[38;5;241;43m=[39;49m[43mcommon_norm[49m[43m,[49m
[1;32m   1773[0m [43m        [49m[43mcommon_grid[49m[38;5;241;43m=[39;49m[43mcommon_grid[49m[43m,[49m
[1;32m   1774[0m [43m        [49m[43mfill[49m[38;5;241;43m=[39;49m[43mfill[49m[43m,[49m
[1;32m   1775[0m [43m        [49m[43mlegend[49m[38;5;241;43m=[39;49m[43mlegend[49m[43m,[49m
[1;32m   1776[0m [43m        [49m[43mwarn_singular[49m[38;5;241;43m=[39;49m[43mwarn_singular[49m[43m,[49m
[1;32m   1777[0m [43m        [49m[43mestimate_kws[49m[38;5;241;43m=[39;49m[43mestimate_kws[49m[43m,[49m
[1;32m   1778[0m [43m        [49m[38;5;241;43m*[39;49m[38;5;241;43m*[39;49m[43mplot_kws[49m[43m,[49m
[1;32m   1779[0m [43m    [49m[43m)[49m
[1;32m   1781[0m [38;5;28;01melse[39;00m:
[1;32m   1783[0m     p[38;5;241m.[39mplot_bivariate_density(
[1;32m   1784[0m         common_norm[38;5;241m=[39mcommon_norm,
[1;32m   1785[0m         fill[38;5;241m=[39mfill,
[0;32m   (...)[0m
[1;32m   1795[0m         [38;5;241m*[39m[38;5;241m*[39mkwargs,
[1;32m   1796[0m     )

File [0;32m/opt/anaconda3/lib/python3.9/site-packages/seaborn/distributions.py:928[0m, in [0;36m_DistributionPlotter.plot_univariate_density[0;34m(self, multiple, common_norm, common_grid, warn_singular, fill, legend, estimate_kws, **plot_kws)[0m
[1;32m    925[0m log_scale [38;5;241m=[39m [38;5;28mself[39m[38;5;241m.[39m_log_scaled([38;5;28mself[39m[38;5;241m.[39mdata_variable)
[1;32m    927[0m [38;5;66;03m# Do the computation[39;00m
[0;32m--> 928[0m densities [38;5;241m=[39m [38;5;28;43mself[39;49m[38;5;241;43m.[39;49m[43m_compute_univariate_density[49m[43m([49m
[1;32m    929[0m [43m    [49m[38;5;28;43mself[39;49m[38;5;241;43m.[39;49m[43mdata_variable[49m[43m,[49m
[1;32m    930[0m [43m    [49m[43mcommon_norm[49m[43m,[49m
[1;32m    931[0m [43m    [49m[43mcommon_grid[49m[43m,[49m
[1;32m    932[0m [43m    [49m[43mestimate_kws[49m[43m,[49m
[1;32m    933[0m [43m    [49m[43mlog_scale[49m[43m,[49m
[1;32m    934[0m [43m    [49m[43mwarn_singular[49m[43m,[49m
[1;32m    935[0m [43m[49m[43m)[49m
[1;32m    937[0m [38;5;66;03m# Adjust densities based on the `multiple` rule[39;00m
[1;32m    938[0m densities, baselines [38;5;241m=[39m [38;5;28mself[39m[38;5;241m.[39m_resolve_multiple(densities, multiple)

File [0;32m/opt/anaconda3/lib/python3.9/site-packages/seaborn/distributions.py:303[0m, in [0;36m_DistributionPlotter._compute_univariate_density[0;34m(self, data_variable, common_norm, common_grid, estimate_kws, log_scale, warn_singular)[0m
[1;32m    299[0m     common_norm [38;5;241m=[39m [38;5;28;01mFalse[39;00m
[1;32m    301[0m densities [38;5;241m=[39m {}
[0;32m--> 303[0m [38;5;28;01mfor[39;00m sub_vars, sub_data [38;5;129;01min[39;00m [38;5;28mself[39m[38;5;241m.[39miter_data([38;5;124m"[39m[38;5;124mhue[39m[38;5;124m"[39m, from_comp_data[38;5;241m=[39m[38;5;28;01mTrue[39;00m):
[1;32m    304[0m 
[1;32m    305[0m     [38;5;66;03m# Extract the data points from this sub set and remove nulls[39;00m
[1;32m    306[0m     sub_data [38;5;241m=[39m sub_data[38;5;241m.[39mdropna()
[1;32m    307[0m     observations [38;5;241m=[39m sub_data[data_variable]

File [0;32m/opt/anaconda3/lib/python3.9/site-packages/seaborn/_core.py:983[0m, in [0;36mVectorPlotter.iter_data[0;34m(self, grouping_vars, reverse, from_comp_data)[0m
[1;32m    978[0m grouping_vars [38;5;241m=[39m [
[1;32m    979[0m     var [38;5;28;01mfor[39;00m var [38;5;129;01min[39;00m grouping_vars [38;5;28;01mif[39;00m var [38;5;129;01min[39;00m [38;5;28mself[39m[38;5;241m.[39mvariables
[1;32m    980[0m ]
[1;32m    982[0m [38;5;28;01mif[39;00m from_comp_data:
[0;32m--> 983[0m     data [38;5;241m=[39m [38;5;28;43mself[39;49m[38;5;241;43m.[39;49m[43mcomp_data[49m
[1;32m    984[0m [38;5;28;01melse[39;00m:
[1;32m    985[0m     data [38;5;241m=[39m [38;5;28mself[39m[38;5;241m.[39mplot_data

File [0;32m/opt/anaconda3/lib/python3.9/site-packages/seaborn/_core.py:1054[0m, in [0;36mVectorPlotter.comp_data[0;34m(self)[0m
[1;32m   1050[0m axis [38;5;241m=[39m [38;5;28mgetattr[39m(ax, [38;5;124mf[39m[38;5;124m"[39m[38;5;132;01m{[39;00mvar[38;5;132;01m}[39;00m[38;5;124maxis[39m[38;5;124m"[39m)
[1;32m   1052[0m [38;5;66;03m# Use the converter assigned to the axis to get a float representation[39;00m
[1;32m   1053[0m [38;5;66;03m# of the data, passing np.nan or pd.NA through (pd.NA becomes np.nan)[39;00m
[0;32m-> 1054[0m [38;5;28;01mwith[39;00m pd[38;5;241m.[39moption_context([38;5;124m'[39m[38;5;124mmode.use_inf_as_null[39m[38;5;124m'[39m, [38;5;28;01mTrue[39;00m):
[1;32m   1055[0m     orig [38;5;241m=[39m [38;5;28mself[39m[38;5;241m.[39mplot_data[var][38;5;241m.[39mdropna()
[1;32m   1056[0m comp_col [38;5;241m=[39m pd[38;5;241m.[39mSeries(index[38;5;241m=[39morig[38;5;241m.[39mindex, dtype[38;5;241m=[39m[38;5;28mfloat[39m, name[38;5;241m=[39mvar)

File [0;32m/opt/anaconda3/lib/python3.9/site-packages/pandas/_config/config.py:480[0m, in [0;36moption_context.__enter__[0;34m(self)[0m
[1;32m    479[0m [38;5;28;01mdef[39;00m [38;5;21m__enter__[39m([38;5;28mself[39m) [38;5;241m-[39m[38;5;241m>[39m [38;5;28;01mNone[39;00m:
[0;32m--> 480[0m     [38;5;28mself[39m[38;5;241m.[39mundo [38;5;241m=[39m [(pat, _get_option(pat)) [38;5;28;01mfor[39;00m pat, val [38;5;129;01min[39;00m [38;5;28mself[39m[38;5;241m.[39mops]
[1;32m    482[0m     [38;5;28;01mfor[39;00m pat, val [38;5;129;01min[39;00m [38;5;28mself[39m[38;5;241m.[39mops:
[1;32m    483[0m         _set_option(pat, val, silent[38;5;241m=[39m[38;5;28;01mTrue[39;00m)

File [0;32m/opt/anaconda3/lib/python3.9/site-packages/pandas/_config/config.py:480[0m, in [0;36m<listcomp>[0;34m(.0)[0m
[1;32m    479[0m [38;5;28;01mdef[39;00m [38;5;21m__enter__[39m([38;5;28mself[39m) [38;5;241m-[39m[38;5;241m>[39m [38;5;28;01mNone[39;00m:
[0;32m--> 480[0m     [38;5;28mself[39m[38;5;241m.[39mundo [38;5;241m=[39m [(pat, [43m_get_option[49m[43m([49m[43mpat[49m[43m)[49m) [38;5;28;01mfor[39;00m pat, val [38;5;129;01min[39;00m [38;5;28mself[39m[38;5;241m.[39mops]
[1;32m    482[0m     [38;5;28;01mfor[39;00m pat, val [38;5;129;01min[39;00m [38;5;28mself[39m[38;5;241m.[39mops:
[1;32m    483[0m         _set_option(pat, val, silent[38;5;241m=[39m[38;5;28;01mTrue[39;00m)

File [0;32m/opt/anaconda3/lib/python3.9/site-packages/pandas/_config/config.py:146[0m, in [0;36m_get_option[0;34m(pat, silent)[0m
[1;32m    145[0m [38;5;28;01mdef[39;00m [38;5;21m_get_option[39m(pat: [38;5;28mstr[39m, silent: [38;5;28mbool[39m [38;5;241m=[39m [38;5;28;01mFalse[39;00m) [38;5;241m-[39m[38;5;241m>[39m Any:
[0;32m--> 146[0m     key [38;5;241m=[39m [43m_get_single_key[49m[43m([49m[43mpat[49m[43m,[49m[43m [49m[43msilent[49m[43m)[49m
[1;32m    148[0m     [38;5;66;03m# walk the nested dict[39;00m
[1;32m    149[0m     root, k [38;5;241m=[39m _get_root(key)

File [0;32m/opt/anaconda3/lib/python3.9/site-packages/pandas/_config/config.py:132[0m, in [0;36m_get_single_key[0;34m(pat, silent)[0m
[1;32m    130[0m     [38;5;28;01mif[39;00m [38;5;129;01mnot[39;00m silent:
[1;32m    131[0m         _warn_if_deprecated(pat)
[0;32m--> 132[0m     [38;5;28;01mraise[39;00m OptionError([38;5;124mf[39m[38;5;124m"[39m[38;5;124mNo such keys(s): [39m[38;5;132;01m{[39;00m[38;5;28mrepr[39m(pat)[38;5;132;01m}[39;00m[38;5;124m"[39m)
[1;32m    133[0m [38;5;28;01mif[39;00m [38;5;28mlen[39m(keys) [38;5;241m>[39m [38;5;241m1[39m:
[1;32m    134[0m     [38;5;28;01mraise[39;00m OptionError([38;5;124m"[39m[38;5;124mPattern matched multiple keys[39m[38;5;124m"[39m)

[0;31mOptionError[0m: "No such keys(s): 'mode.use_inf_as_null'"
OptionError: "No such keys(s): 'mode.use_inf_as_null'"

