Traceback (most recent call last):
  File "/opt/anaconda3/lib/python3.9/site-packages/jupyter_cache/executors/utils.py", line 51, in single_nb_execution
    executenb(
  File "/opt/anaconda3/lib/python3.9/site-packages/nbclient/client.py", line 1204, in execute
    return NotebookClient(nb=nb, resources=resources, km=km, **kwargs).execute()
  File "/opt/anaconda3/lib/python3.9/site-packages/nbclient/util.py", line 84, in wrapped
    return just_run(coro(*args, **kwargs))
  File "/opt/anaconda3/lib/python3.9/site-packages/nbclient/util.py", line 62, in just_run
    return loop.run_until_complete(coro)
  File "/opt/anaconda3/lib/python3.9/asyncio/base_events.py", line 647, in run_until_complete
    return future.result()
  File "/opt/anaconda3/lib/python3.9/site-packages/nbclient/client.py", line 663, in async_execute
    await self.async_execute_cell(
  File "/opt/anaconda3/lib/python3.9/site-packages/nbclient/client.py", line 965, in async_execute_cell
    await self._check_raise_for_error(cell, cell_index, exec_reply)
  File "/opt/anaconda3/lib/python3.9/site-packages/nbclient/client.py", line 862, in _check_raise_for_error
    raise CellExecutionError.from_cell_and_msg(cell, exec_reply_content)
nbclient.exceptions.CellExecutionError: An error occurred while executing the following cell:
------------------
S_0 = prices.iloc[-1]
A = np.linalg.cholesky(cov)
S = np.zeros([noa, N]) # Why N+1? We want our starting price + 252 days of prices.
S[:, 0] = S_0

for i in range(1, N):    
    drift = (mu - 0.5 * sigma**2) * dt # dt = 1. This is the deterministic part of the daily return. It's the same every day.
    Z = np.random.normal(0., 1., noa) # Putting as period after a number in Python makes division work correctly when dealing with integers. Not sure we even need it here.
    diffusion = np.matmul(A, Z) * np.sqrt(dt) # dt = 1. This is the random part. 
    S[:, i] = S[:, i-1]*np.exp(drift + diffusion) # S_t = S_t-1 * e^(r). Continuous compounding, where r is just that day's return, rather than a cumulative return. 

R = pd.DataFrame(S.T).pct_change().dropna() # Create returns from those simulated prices.

port_rets = np.cumprod(np.inner(weights, R) + 1) # Weights x returns, cumulative product to get cumulative portfolio returns.
------------------

[0;31m---------------------------------------------------------------------------[0m
[0;31mIndexError[0m                                Traceback (most recent call last)
Cell [0;32mIn[10], line 1[0m
[0;32m----> 1[0m S_0 [38;5;241m=[39m [43mprices[49m[38;5;241;43m.[39;49m[43miloc[49m[43m[[49m[38;5;241;43m-[39;49m[38;5;241;43m1[39;49m[43m][49m
[1;32m      2[0m A [38;5;241m=[39m np[38;5;241m.[39mlinalg[38;5;241m.[39mcholesky(cov)
[1;32m      3[0m S [38;5;241m=[39m np[38;5;241m.[39mzeros([noa, N]) [38;5;66;03m# Why N+1? We want our starting price + 252 days of prices.[39;00m

File [0;32m/opt/anaconda3/lib/python3.9/site-packages/pandas/core/indexing.py:967[0m, in [0;36m_LocationIndexer.__getitem__[0;34m(self, key)[0m
[1;32m    964[0m axis [38;5;241m=[39m [38;5;28mself[39m[38;5;241m.[39maxis [38;5;129;01mor[39;00m [38;5;241m0[39m
[1;32m    966[0m maybe_callable [38;5;241m=[39m com[38;5;241m.[39mapply_if_callable(key, [38;5;28mself[39m[38;5;241m.[39mobj)
[0;32m--> 967[0m [38;5;28;01mreturn[39;00m [38;5;28;43mself[39;49m[38;5;241;43m.[39;49m[43m_getitem_axis[49m[43m([49m[43mmaybe_callable[49m[43m,[49m[43m [49m[43maxis[49m[38;5;241;43m=[39;49m[43maxis[49m[43m)[49m

File [0;32m/opt/anaconda3/lib/python3.9/site-packages/pandas/core/indexing.py:1523[0m, in [0;36m_iLocIndexer._getitem_axis[0;34m(self, key, axis)[0m
[1;32m   1520[0m     [38;5;28;01mraise[39;00m [38;5;167;01mTypeError[39;00m([38;5;124m"[39m[38;5;124mCannot index by location index with a non-integer key[39m[38;5;124m"[39m)
[1;32m   1522[0m [38;5;66;03m# validate the location[39;00m
[0;32m-> 1523[0m [38;5;28;43mself[39;49m[38;5;241;43m.[39;49m[43m_validate_integer[49m[43m([49m[43mkey[49m[43m,[49m[43m [49m[43maxis[49m[43m)[49m
[1;32m   1525[0m [38;5;28;01mreturn[39;00m [38;5;28mself[39m[38;5;241m.[39mobj[38;5;241m.[39m_ixs(key, axis[38;5;241m=[39maxis)

File [0;32m/opt/anaconda3/lib/python3.9/site-packages/pandas/core/indexing.py:1455[0m, in [0;36m_iLocIndexer._validate_integer[0;34m(self, key, axis)[0m
[1;32m   1453[0m len_axis [38;5;241m=[39m [38;5;28mlen[39m([38;5;28mself[39m[38;5;241m.[39mobj[38;5;241m.[39m_get_axis(axis))
[1;32m   1454[0m [38;5;28;01mif[39;00m key [38;5;241m>[39m[38;5;241m=[39m len_axis [38;5;129;01mor[39;00m key [38;5;241m<[39m [38;5;241m-[39mlen_axis:
[0;32m-> 1455[0m     [38;5;28;01mraise[39;00m [38;5;167;01mIndexError[39;00m([38;5;124m"[39m[38;5;124msingle positional indexer is out-of-bounds[39m[38;5;124m"[39m)

[0;31mIndexError[0m: single positional indexer is out-of-bounds
IndexError: single positional indexer is out-of-bounds

