Traceback (most recent call last):
  File "/opt/anaconda3/lib/python3.9/site-packages/jupyter_cache/executors/utils.py", line 51, in single_nb_execution
    executenb(
  File "/opt/anaconda3/lib/python3.9/site-packages/nbclient/client.py", line 1204, in execute
    return NotebookClient(nb=nb, resources=resources, km=km, **kwargs).execute()
  File "/opt/anaconda3/lib/python3.9/site-packages/nbclient/util.py", line 84, in wrapped
    return just_run(coro(*args, **kwargs))
  File "/opt/anaconda3/lib/python3.9/site-packages/nbclient/util.py", line 62, in just_run
    return loop.run_until_complete(coro)
  File "/opt/anaconda3/lib/python3.9/asyncio/base_events.py", line 647, in run_until_complete
    return future.result()
  File "/opt/anaconda3/lib/python3.9/site-packages/nbclient/client.py", line 663, in async_execute
    await self.async_execute_cell(
  File "/opt/anaconda3/lib/python3.9/site-packages/nbclient/client.py", line 965, in async_execute_cell
    await self._check_raise_for_error(cell, cell_index, exec_reply)
  File "/opt/anaconda3/lib/python3.9/site-packages/nbclient/client.py", line 862, in _check_raise_for_error
    raise CellExecutionError.from_cell_and_msg(cell, exec_reply_content)
nbclient.exceptions.CellExecutionError: An error occurred while executing the following cell:
------------------
test_ew = bt.Backtest(ew, data)
res_ew = bt.run(test_ew)

print(type(test_ew))
print(type(res_ew))
------------------

[0;31m---------------------------------------------------------------------------[0m
[0;31mIndexError[0m                                Traceback (most recent call last)
Cell [0;32mIn[9], line 1[0m
[0;32m----> 1[0m test_ew [38;5;241m=[39m [43mbt[49m[38;5;241;43m.[39;49m[43mBacktest[49m[43m([49m[43mew[49m[43m,[49m[43m [49m[43mdata[49m[43m)[49m
[1;32m      2[0m res_ew [38;5;241m=[39m bt[38;5;241m.[39mrun(test_ew)
[1;32m      4[0m [38;5;28mprint[39m([38;5;28mtype[39m(test_ew))

File [0;32m/opt/anaconda3/lib/python3.9/site-packages/bt/backtest.py:147[0m, in [0;36mBacktest.__init__[0;34m(self, strategy, data, name, initial_capital, commissions, integer_positions, progress_bar, additional_data)[0m
[1;32m    144[0m [38;5;28mself[39m[38;5;241m.[39mstrategy [38;5;241m=[39m deepcopy(strategy)
[1;32m    145[0m [38;5;28mself[39m[38;5;241m.[39mstrategy[38;5;241m.[39muse_integer_positions(integer_positions)
[0;32m--> 147[0m [38;5;28;43mself[39;49m[38;5;241;43m.[39;49m[43m_process_data[49m[43m([49m[43mdata[49m[43m,[49m[43m [49m[43madditional_data[49m[43m)[49m
[1;32m    149[0m [38;5;28mself[39m[38;5;241m.[39minitial_capital [38;5;241m=[39m initial_capital
[1;32m    150[0m [38;5;28mself[39m[38;5;241m.[39mname [38;5;241m=[39m name [38;5;28;01mif[39;00m name [38;5;129;01mis[39;00m [38;5;129;01mnot[39;00m [38;5;28;01mNone[39;00m [38;5;28;01melse[39;00m strategy[38;5;241m.[39mname

File [0;32m/opt/anaconda3/lib/python3.9/site-packages/bt/backtest.py:175[0m, in [0;36mBacktest._process_data[0;34m(self, data, additional_data)[0m
[1;32m    162[0m [38;5;28;01mdef[39;00m [38;5;21m_process_data[39m([38;5;28mself[39m, data, additional_data):
[1;32m    163[0m     [38;5;66;03m# add virtual row at t0-1day with NaNs[39;00m
[1;32m    164[0m     [38;5;66;03m# this is so that any trading action at t0 can be evaluated relative to[39;00m
[0;32m   (...)[0m
[1;32m    168[0m     [38;5;66;03m# start at 100, but may start at 90, for example. Here, we add a[39;00m
[1;32m    169[0m     [38;5;66;03m# starting point at t0-1day, and this is the reference starting point[39;00m
[1;32m    170[0m     data_new [38;5;241m=[39m pd[38;5;241m.[39mconcat(
[1;32m    171[0m         [
[1;32m    172[0m             pd[38;5;241m.[39mDataFrame(
[1;32m    173[0m                 np[38;5;241m.[39mnan,
[1;32m    174[0m                 columns[38;5;241m=[39mdata[38;5;241m.[39mcolumns,
[0;32m--> 175[0m                 index[38;5;241m=[39m[[43mdata[49m[38;5;241;43m.[39;49m[43mindex[49m[43m[[49m[38;5;241;43m0[39;49m[43m][49m [38;5;241m-[39m pd[38;5;241m.[39mDateOffset(days[38;5;241m=[39m[38;5;241m1[39m)],
[1;32m    176[0m             ),
[1;32m    177[0m             data,
[1;32m    178[0m         ]
[1;32m    179[0m     )
[1;32m    181[0m     [38;5;28mself[39m[38;5;241m.[39mdata [38;5;241m=[39m data_new
[1;32m    182[0m     [38;5;28mself[39m[38;5;241m.[39mdates [38;5;241m=[39m data_new[38;5;241m.[39mindex

File [0;32m/opt/anaconda3/lib/python3.9/site-packages/pandas/core/indexes/base.py:5389[0m, in [0;36mIndex.__getitem__[0;34m(self, key)[0m
[1;32m   5386[0m [38;5;28;01mif[39;00m is_integer(key) [38;5;129;01mor[39;00m is_float(key):
[1;32m   5387[0m     [38;5;66;03m# GH#44051 exclude bool, which would return a 2d ndarray[39;00m
[1;32m   5388[0m     key [38;5;241m=[39m com[38;5;241m.[39mcast_scalar_indexer(key)
[0;32m-> 5389[0m     [38;5;28;01mreturn[39;00m [43mgetitem[49m[43m([49m[43mkey[49m[43m)[49m
[1;32m   5391[0m [38;5;28;01mif[39;00m [38;5;28misinstance[39m(key, [38;5;28mslice[39m):
[1;32m   5392[0m     [38;5;66;03m# This case is separated from the conditional above to avoid[39;00m
[1;32m   5393[0m     [38;5;66;03m# pessimization com.is_bool_indexer and ndim checks.[39;00m
[1;32m   5394[0m     [38;5;28;01mreturn[39;00m [38;5;28mself[39m[38;5;241m.[39m_getitem_slice(key)

File [0;32m/opt/anaconda3/lib/python3.9/site-packages/pandas/core/arrays/datetimelike.py:381[0m, in [0;36mDatetimeLikeArrayMixin.__getitem__[0;34m(self, key)[0m
[1;32m    374[0m [38;5;124;03m"""[39;00m
[1;32m    375[0m [38;5;124;03mThis getitem defers to the underlying array, which by-definition can[39;00m
[1;32m    376[0m [38;5;124;03monly handle list-likes, slices, and integer scalars[39;00m
[1;32m    377[0m [38;5;124;03m"""[39;00m
[1;32m    378[0m [38;5;66;03m# Use cast as we know we will get back a DatetimeLikeArray or DTScalar,[39;00m
[1;32m    379[0m [38;5;66;03m# but skip evaluating the Union at runtime for performance[39;00m
[1;32m    380[0m [38;5;66;03m# (see https://github.com/pandas-dev/pandas/pull/44624)[39;00m
[0;32m--> 381[0m result [38;5;241m=[39m cast([38;5;124m"[39m[38;5;124mUnion[Self, DTScalarOrNaT][39m[38;5;124m"[39m, [38;5;28;43msuper[39;49m[43m([49m[43m)[49m[38;5;241;43m.[39;49m[38;5;21;43m__getitem__[39;49m[43m([49m[43mkey[49m[43m)[49m)
[1;32m    382[0m [38;5;28;01mif[39;00m lib[38;5;241m.[39mis_scalar(result):
[1;32m    383[0m     [38;5;28;01mreturn[39;00m result

File [0;32m/opt/anaconda3/lib/python3.9/site-packages/pandas/core/arrays/_mixins.py:284[0m, in [0;36mNDArrayBackedExtensionArray.__getitem__[0;34m(self, key)[0m
[1;32m    278[0m [38;5;28;01mdef[39;00m [38;5;21m__getitem__[39m(
[1;32m    279[0m     [38;5;28mself[39m,
[1;32m    280[0m     key: PositionalIndexer2D,
[1;32m    281[0m ) [38;5;241m-[39m[38;5;241m>[39m Self [38;5;241m|[39m Any:
[1;32m    282[0m     [38;5;28;01mif[39;00m lib[38;5;241m.[39mis_integer(key):
[1;32m    283[0m         [38;5;66;03m# fast-path[39;00m
[0;32m--> 284[0m         result [38;5;241m=[39m [38;5;28;43mself[39;49m[38;5;241;43m.[39;49m[43m_ndarray[49m[43m[[49m[43mkey[49m[43m][49m
[1;32m    285[0m         [38;5;28;01mif[39;00m [38;5;28mself[39m[38;5;241m.[39mndim [38;5;241m==[39m [38;5;241m1[39m:
[1;32m    286[0m             [38;5;28;01mreturn[39;00m [38;5;28mself[39m[38;5;241m.[39m_box_func(result)

[0;31mIndexError[0m: index 0 is out of bounds for axis 0 with size 0
IndexError: index 0 is out of bounds for axis 0 with size 0

