Traceback (most recent call last):
  File "/opt/anaconda3/lib/python3.9/site-packages/jupyter_cache/executors/utils.py", line 51, in single_nb_execution
    executenb(
  File "/opt/anaconda3/lib/python3.9/site-packages/nbclient/client.py", line 1204, in execute
    return NotebookClient(nb=nb, resources=resources, km=km, **kwargs).execute()
  File "/opt/anaconda3/lib/python3.9/site-packages/nbclient/util.py", line 84, in wrapped
    return just_run(coro(*args, **kwargs))
  File "/opt/anaconda3/lib/python3.9/site-packages/nbclient/util.py", line 62, in just_run
    return loop.run_until_complete(coro)
  File "/opt/anaconda3/lib/python3.9/asyncio/base_events.py", line 647, in run_until_complete
    return future.result()
  File "/opt/anaconda3/lib/python3.9/site-packages/nbclient/client.py", line 663, in async_execute
    await self.async_execute_cell(
  File "/opt/anaconda3/lib/python3.9/site-packages/nbclient/client.py", line 965, in async_execute_cell
    await self._check_raise_for_error(cell, cell_index, exec_reply)
  File "/opt/anaconda3/lib/python3.9/site-packages/nbclient/client.py", line 862, in _check_raise_for_error
    raise CellExecutionError.from_cell_and_msg(cell, exec_reply_content)
nbclient.exceptions.CellExecutionError: An error occurred while executing the following cell:
------------------
gdp = nasdaqdatalink.get('FRED/GDP')
gdp
------------------

[0;31m---------------------------------------------------------------------------[0m
[0;31mJSONDecodeError[0m                           Traceback (most recent call last)
File [0;32m/opt/anaconda3/lib/python3.9/site-packages/requests/models.py:971[0m, in [0;36mResponse.json[0;34m(self, **kwargs)[0m
[1;32m    970[0m [38;5;28;01mtry[39;00m:
[0;32m--> 971[0m     [38;5;28;01mreturn[39;00m [43mcomplexjson[49m[38;5;241;43m.[39;49m[43mloads[49m[43m([49m[38;5;28;43mself[39;49m[38;5;241;43m.[39;49m[43mtext[49m[43m,[49m[43m [49m[38;5;241;43m*[39;49m[38;5;241;43m*[39;49m[43mkwargs[49m[43m)[49m
[1;32m    972[0m [38;5;28;01mexcept[39;00m JSONDecodeError [38;5;28;01mas[39;00m e:
[1;32m    973[0m     [38;5;66;03m# Catch JSON-related errors and raise as requests.JSONDecodeError[39;00m
[1;32m    974[0m     [38;5;66;03m# This aliases json.JSONDecodeError and simplejson.JSONDecodeError[39;00m

File [0;32m/opt/anaconda3/lib/python3.9/site-packages/simplejson/__init__.py:525[0m, in [0;36mloads[0;34m(s, encoding, cls, object_hook, parse_float, parse_int, parse_constant, object_pairs_hook, use_decimal, **kw)[0m
[1;32m    521[0m [38;5;28;01mif[39;00m ([38;5;28mcls[39m [38;5;129;01mis[39;00m [38;5;28;01mNone[39;00m [38;5;129;01mand[39;00m encoding [38;5;129;01mis[39;00m [38;5;28;01mNone[39;00m [38;5;129;01mand[39;00m object_hook [38;5;129;01mis[39;00m [38;5;28;01mNone[39;00m [38;5;129;01mand[39;00m
[1;32m    522[0m         parse_int [38;5;129;01mis[39;00m [38;5;28;01mNone[39;00m [38;5;129;01mand[39;00m parse_float [38;5;129;01mis[39;00m [38;5;28;01mNone[39;00m [38;5;129;01mand[39;00m
[1;32m    523[0m         parse_constant [38;5;129;01mis[39;00m [38;5;28;01mNone[39;00m [38;5;129;01mand[39;00m object_pairs_hook [38;5;129;01mis[39;00m [38;5;28;01mNone[39;00m
[1;32m    524[0m         [38;5;129;01mand[39;00m [38;5;129;01mnot[39;00m use_decimal [38;5;129;01mand[39;00m [38;5;129;01mnot[39;00m kw):
[0;32m--> 525[0m     [38;5;28;01mreturn[39;00m [43m_default_decoder[49m[38;5;241;43m.[39;49m[43mdecode[49m[43m([49m[43ms[49m[43m)[49m
[1;32m    526[0m [38;5;28;01mif[39;00m [38;5;28mcls[39m [38;5;129;01mis[39;00m [38;5;28;01mNone[39;00m:

File [0;32m/opt/anaconda3/lib/python3.9/site-packages/simplejson/decoder.py:372[0m, in [0;36mJSONDecoder.decode[0;34m(self, s, _w, _PY3)[0m
[1;32m    371[0m     s [38;5;241m=[39m [38;5;28mstr[39m(s, [38;5;28mself[39m[38;5;241m.[39mencoding)
[0;32m--> 372[0m obj, end [38;5;241m=[39m [38;5;28;43mself[39;49m[38;5;241;43m.[39;49m[43mraw_decode[49m[43m([49m[43ms[49m[43m)[49m
[1;32m    373[0m end [38;5;241m=[39m _w(s, end)[38;5;241m.[39mend()

File [0;32m/opt/anaconda3/lib/python3.9/site-packages/simplejson/decoder.py:402[0m, in [0;36mJSONDecoder.raw_decode[0;34m(self, s, idx, _w, _PY3)[0m
[1;32m    401[0m         idx [38;5;241m+[39m[38;5;241m=[39m [38;5;241m3[39m
[0;32m--> 402[0m [38;5;28;01mreturn[39;00m [38;5;28;43mself[39;49m[38;5;241;43m.[39;49m[43mscan_once[49m[43m([49m[43ms[49m[43m,[49m[43m [49m[43midx[49m[38;5;241;43m=[39;49m[43m_w[49m[43m([49m[43ms[49m[43m,[49m[43m [49m[43midx[49m[43m)[49m[38;5;241;43m.[39;49m[43mend[49m[43m([49m[43m)[49m[43m)[49m

[0;31mJSONDecodeError[0m: Expecting value: line 1 column 1 (char 0)

During handling of the above exception, another exception occurred:

[0;31mJSONDecodeError[0m                           Traceback (most recent call last)
File [0;32m/opt/anaconda3/lib/python3.9/site-packages/nasdaqdatalink/connection.py:90[0m, in [0;36mConnection.parse[0;34m(cls, response)[0m
[1;32m     89[0m [38;5;28;01mtry[39;00m:
[0;32m---> 90[0m     [38;5;28;01mreturn[39;00m [43mresponse[49m[38;5;241;43m.[39;49m[43mjson[49m[43m([49m[43m)[49m
[1;32m     91[0m [38;5;28;01mexcept[39;00m [38;5;167;01mValueError[39;00m:

File [0;32m/opt/anaconda3/lib/python3.9/site-packages/requests/models.py:975[0m, in [0;36mResponse.json[0;34m(self, **kwargs)[0m
[1;32m    972[0m [38;5;28;01mexcept[39;00m JSONDecodeError [38;5;28;01mas[39;00m e:
[1;32m    973[0m     [38;5;66;03m# Catch JSON-related errors and raise as requests.JSONDecodeError[39;00m
[1;32m    974[0m     [38;5;66;03m# This aliases json.JSONDecodeError and simplejson.JSONDecodeError[39;00m
[0;32m--> 975[0m     [38;5;28;01mraise[39;00m RequestsJSONDecodeError(e[38;5;241m.[39mmsg, e[38;5;241m.[39mdoc, e[38;5;241m.[39mpos)

[0;31mJSONDecodeError[0m: Expecting value: line 1 column 1 (char 0)

During handling of the above exception, another exception occurred:

[0;31mDataLinkError[0m                             Traceback (most recent call last)
Cell [0;32mIn[2], line 1[0m
[0;32m----> 1[0m gdp [38;5;241m=[39m [43mnasdaqdatalink[49m[38;5;241;43m.[39;49m[43mget[49m[43m([49m[38;5;124;43m'[39;49m[38;5;124;43mFRED/GDP[39;49m[38;5;124;43m'[39;49m[43m)[49m
[1;32m      2[0m gdp

File [0;32m/opt/anaconda3/lib/python3.9/site-packages/nasdaqdatalink/get.py:48[0m, in [0;36mget[0;34m(dataset, **kwargs)[0m
[1;32m     46[0m     [38;5;28;01mif[39;00m dataset_args[[38;5;124m'[39m[38;5;124mcolumn_index[39m[38;5;124m'[39m] [38;5;129;01mis[39;00m [38;5;129;01mnot[39;00m [38;5;28;01mNone[39;00m:
[1;32m     47[0m         kwargs[38;5;241m.[39mupdate({[38;5;124m'[39m[38;5;124mcolumn_index[39m[38;5;124m'[39m: dataset_args[[38;5;124m'[39m[38;5;124mcolumn_index[39m[38;5;124m'[39m]})
[0;32m---> 48[0m     data [38;5;241m=[39m [43mDataset[49m[43m([49m[43mdataset_args[49m[43m[[49m[38;5;124;43m'[39;49m[38;5;124;43mcode[39;49m[38;5;124;43m'[39;49m[43m][49m[43m)[49m[38;5;241;43m.[39;49m[43mdata[49m[43m([49m[43mparams[49m[38;5;241;43m=[39;49m[43mkwargs[49m[43m,[49m[43m [49m[43mhandle_column_not_found[49m[38;5;241;43m=[39;49m[38;5;28;43;01mTrue[39;49;00m[43m)[49m
[1;32m     49[0m [38;5;66;03m# Array[39;00m
[1;32m     50[0m [38;5;28;01melif[39;00m [38;5;28misinstance[39m(dataset, [38;5;28mlist[39m):

File [0;32m/opt/anaconda3/lib/python3.9/site-packages/nasdaqdatalink/model/dataset.py:47[0m, in [0;36mDataset.data[0;34m(self, **options)[0m
[1;32m     45[0m updated_options [38;5;241m=[39m Util[38;5;241m.[39mmerge_options([38;5;124m'[39m[38;5;124mparams[39m[38;5;124m'[39m, params, [38;5;241m*[39m[38;5;241m*[39moptions)
[1;32m     46[0m [38;5;28;01mtry[39;00m:
[0;32m---> 47[0m     [38;5;28;01mreturn[39;00m [43mData[49m[38;5;241;43m.[39;49m[43mall[49m[43m([49m[38;5;241;43m*[39;49m[38;5;241;43m*[39;49m[43mupdated_options[49m[43m)[49m
[1;32m     48[0m [38;5;28;01mexcept[39;00m NotFoundError:
[1;32m     49[0m     [38;5;28;01mif[39;00m handle_not_found_error:

File [0;32m/opt/anaconda3/lib/python3.9/site-packages/nasdaqdatalink/operations/list.py:15[0m, in [0;36mListOperation.all[0;34m(cls, **options)[0m
[1;32m     13[0m     options[[38;5;124m'[39m[38;5;124mparams[39m[38;5;124m'[39m] [38;5;241m=[39m {}
[1;32m     14[0m path [38;5;241m=[39m Util[38;5;241m.[39mconstructed_path([38;5;28mcls[39m[38;5;241m.[39mlist_path(), options[[38;5;124m'[39m[38;5;124mparams[39m[38;5;124m'[39m])
[0;32m---> 15[0m r [38;5;241m=[39m [43mConnection[49m[38;5;241;43m.[39;49m[43mrequest[49m[43m([49m[38;5;124;43m'[39;49m[38;5;124;43mget[39;49m[38;5;124;43m'[39;49m[43m,[49m[43m [49m[43mpath[49m[43m,[49m[43m [49m[38;5;241;43m*[39;49m[38;5;241;43m*[39;49m[43moptions[49m[43m)[49m
[1;32m     16[0m response_data [38;5;241m=[39m r[38;5;241m.[39mjson()
[1;32m     17[0m Util[38;5;241m.[39mconvert_to_dates(response_data)

File [0;32m/opt/anaconda3/lib/python3.9/site-packages/nasdaqdatalink/connection.py:40[0m, in [0;36mConnection.request[0;34m(cls, http_verb, url, **options)[0m
[1;32m     36[0m options[[38;5;124m'[39m[38;5;124mheaders[39m[38;5;124m'[39m] [38;5;241m=[39m headers
[1;32m     38[0m abs_url [38;5;241m=[39m [38;5;124m'[39m[38;5;132;01m%s[39;00m[38;5;124m/[39m[38;5;132;01m%s[39;00m[38;5;124m'[39m [38;5;241m%[39m (ApiConfig[38;5;241m.[39mapi_base, url)
[0;32m---> 40[0m [38;5;28;01mreturn[39;00m [38;5;28;43mcls[39;49m[38;5;241;43m.[39;49m[43mexecute_request[49m[43m([49m[43mhttp_verb[49m[43m,[49m[43m [49m[43mabs_url[49m[43m,[49m[43m [49m[38;5;241;43m*[39;49m[38;5;241;43m*[39;49m[43moptions[49m[43m)[49m

File [0;32m/opt/anaconda3/lib/python3.9/site-packages/nasdaqdatalink/connection.py:52[0m, in [0;36mConnection.execute_request[0;34m(cls, http_verb, url, **options)[0m
[1;32m     47[0m response [38;5;241m=[39m session[38;5;241m.[39mrequest(method[38;5;241m=[39mhttp_verb,
[1;32m     48[0m                            url[38;5;241m=[39murl,
[1;32m     49[0m                            verify[38;5;241m=[39mApiConfig[38;5;241m.[39mverify_ssl,
[1;32m     50[0m                            [38;5;241m*[39m[38;5;241m*[39moptions)
[1;32m     51[0m [38;5;28;01mif[39;00m response[38;5;241m.[39mstatus_code [38;5;241m<[39m [38;5;241m200[39m [38;5;129;01mor[39;00m response[38;5;241m.[39mstatus_code [38;5;241m>[39m[38;5;241m=[39m [38;5;241m300[39m:
[0;32m---> 52[0m     [38;5;28;43mcls[39;49m[38;5;241;43m.[39;49m[43mhandle_api_error[49m[43m([49m[43mresponse[49m[43m)[49m
[1;32m     53[0m [38;5;28;01melse[39;00m:
[1;32m     54[0m     [38;5;28;01mreturn[39;00m response

File [0;32m/opt/anaconda3/lib/python3.9/site-packages/nasdaqdatalink/connection.py:96[0m, in [0;36mConnection.handle_api_error[0;34m(cls, resp)[0m
[1;32m     94[0m [38;5;129m@classmethod[39m
[1;32m     95[0m [38;5;28;01mdef[39;00m [38;5;21mhandle_api_error[39m([38;5;28mcls[39m, resp):
[0;32m---> 96[0m     error_body [38;5;241m=[39m [38;5;28;43mcls[39;49m[38;5;241;43m.[39;49m[43mparse[49m[43m([49m[43mresp[49m[43m)[49m
[1;32m     98[0m     [38;5;66;03m# if our app does not form a proper data_link_error response[39;00m
[1;32m     99[0m     [38;5;66;03m# throw generic error[39;00m
[1;32m    100[0m     [38;5;28;01mif[39;00m [38;5;124m'[39m[38;5;124mquandl_error[39m[38;5;124m'[39m [38;5;129;01mnot[39;00m [38;5;129;01min[39;00m error_body:

File [0;32m/opt/anaconda3/lib/python3.9/site-packages/nasdaqdatalink/connection.py:92[0m, in [0;36mConnection.parse[0;34m(cls, response)[0m
[1;32m     90[0m     [38;5;28;01mreturn[39;00m response[38;5;241m.[39mjson()
[1;32m     91[0m [38;5;28;01mexcept[39;00m [38;5;167;01mValueError[39;00m:
[0;32m---> 92[0m     [38;5;28;01mraise[39;00m DataLinkError(http_status[38;5;241m=[39mresponse[38;5;241m.[39mstatus_code, http_body[38;5;241m=[39mresponse[38;5;241m.[39mtext)

[0;31mDataLinkError[0m: (Status 403) Something went wrong. Please try again. If you continue to have problems, please contact us at connect@data.nasdaq.com.
DataLinkError: (Status 403) Something went wrong. Please try again. If you continue to have problems, please contact us at connect@data.nasdaq.com.

