Traceback (most recent call last):
  File "/Users/adamaiken/Documents/fin-data-analysis-text/.venv/lib/python3.12/site-packages/jupyter_cache/executors/utils.py", line 58, in single_nb_execution
    executenb(
  File "/Users/adamaiken/Documents/fin-data-analysis-text/.venv/lib/python3.12/site-packages/nbclient/client.py", line 1323, in execute
    return NotebookClient(nb=nb, resources=resources, km=km, **kwargs).execute()
           ^^^^^^^^^^^^^^^^^^^^^^^^^^^^^^^^^^^^^^^^^^^^^^^^^^^^^^^^^^^^^^^^^^^^^
  File "/Users/adamaiken/Documents/fin-data-analysis-text/.venv/lib/python3.12/site-packages/jupyter_core/utils/__init__.py", line 165, in wrapped
    return loop.run_until_complete(inner)
           ^^^^^^^^^^^^^^^^^^^^^^^^^^^^^^
  File "/Users/adamaiken/.pyenv/versions/3.12.3/lib/python3.12/asyncio/base_events.py", line 687, in run_until_complete
    return future.result()
           ^^^^^^^^^^^^^^^
  File "/Users/adamaiken/Documents/fin-data-analysis-text/.venv/lib/python3.12/site-packages/nbclient/client.py", line 709, in async_execute
    await self.async_execute_cell(
  File "/Users/adamaiken/Documents/fin-data-analysis-text/.venv/lib/python3.12/site-packages/nbclient/client.py", line 1062, in async_execute_cell
    await self._check_raise_for_error(cell, cell_index, exec_reply)
  File "/Users/adamaiken/Documents/fin-data-analysis-text/.venv/lib/python3.12/site-packages/nbclient/client.py", line 918, in _check_raise_for_error
    raise CellExecutionError.from_cell_and_msg(cell, exec_reply_content)
nbclient.exceptions.CellExecutionError: An error occurred while executing the following cell:
------------------
# Tune the LASSO hyperparameter (alpha) using the validation set
param_grid = {'alpha': [0.001, 0.01, 0.02, .05, 0.1]}
grid_search = GridSearchCV(lasso, param_grid, cv=5, scoring='r2')
grid_search.fit(X_combined_train, y_combined_train)

# Extract the R-squared scores for each fold and hyperparameter combination
r2_scores = grid_search.cv_results_['mean_test_score']

# Print the R-squared scores
print(r2_scores)
------------------


[31m---------------------------------------------------------------------------[39m
[31mNameError[39m                                 Traceback (most recent call last)
[36mCell[39m[36m [39m[32mIn[13][39m[32m, line 3[39m
[32m      1[39m [38;5;66;03m# Tune the LASSO hyperparameter (alpha) using the validation set[39;00m
[32m      2[39m param_grid = {[33m'[39m[33malpha[39m[33m'[39m: [[32m0.001[39m, [32m0.01[39m, [32m0.02[39m, [32m.05[39m, [32m0.1[39m]}
[32m----> [39m[32m3[39m grid_search = GridSearchCV([43mlasso[49m, param_grid, cv=[32m5[39m, scoring=[33m'[39m[33mr2[39m[33m'[39m)
[32m      4[39m grid_search.fit(X_combined_train, y_combined_train)
[32m      6[39m [38;5;66;03m# Extract the R-squared scores for each fold and hyperparameter combination[39;00m

[31mNameError[39m: name 'lasso' is not defined

