Traceback (most recent call last):
  File "/Users/adamaiken/Documents/fin-data-analysis-text/.venv/lib/python3.9/site-packages/jupyter_core/utils/__init__.py", line 154, in wrapped
    asyncio.get_running_loop()
RuntimeError: no running event loop

During handling of the above exception, another exception occurred:

Traceback (most recent call last):
  File "/Users/adamaiken/Documents/fin-data-analysis-text/.venv/lib/python3.9/site-packages/jupyter_cache/executors/utils.py", line 58, in single_nb_execution
    executenb(
  File "/Users/adamaiken/Documents/fin-data-analysis-text/.venv/lib/python3.9/site-packages/nbclient/client.py", line 1319, in execute
    return NotebookClient(nb=nb, resources=resources, km=km, **kwargs).execute()
  File "/Users/adamaiken/Documents/fin-data-analysis-text/.venv/lib/python3.9/site-packages/jupyter_core/utils/__init__.py", line 158, in wrapped
    return loop.run_until_complete(inner)
  File "/opt/anaconda3/lib/python3.9/asyncio/base_events.py", line 647, in run_until_complete
    return future.result()
  File "/Users/adamaiken/Documents/fin-data-analysis-text/.venv/lib/python3.9/site-packages/nbclient/client.py", line 709, in async_execute
    await self.async_execute_cell(
  File "/Users/adamaiken/Documents/fin-data-analysis-text/.venv/lib/python3.9/site-packages/nbclient/client.py", line 1062, in async_execute_cell
    await self._check_raise_for_error(cell, cell_index, exec_reply)
  File "/Users/adamaiken/Documents/fin-data-analysis-text/.venv/lib/python3.9/site-packages/nbclient/client.py", line 918, in _check_raise_for_error
    raise CellExecutionError.from_cell_and_msg(cell, exec_reply_content)
nbclient.exceptions.CellExecutionError: An error occurred while executing the following cell:
------------------
def highlight_min(x):
    x_min = x.min()
    return ["font-weight: bold" if v == x_min else "" for v in x]

results.style.apply(highlight_min)
------------------


[0;31m---------------------------------------------------------------------------[0m
[0;31mImportError[0m                               Traceback (most recent call last)
Cell [0;32mIn[66], line 5[0m
[1;32m      2[0m     x_min [38;5;241m=[39m x[38;5;241m.[39mmin()
[1;32m      3[0m     [38;5;28;01mreturn[39;00m [[38;5;124m"[39m[38;5;124mfont-weight: bold[39m[38;5;124m"[39m [38;5;28;01mif[39;00m v [38;5;241m==[39m x_min [38;5;28;01melse[39;00m [38;5;124m"[39m[38;5;124m"[39m [38;5;28;01mfor[39;00m v [38;5;129;01min[39;00m x]
[0;32m----> 5[0m [43mresults[49m[38;5;241;43m.[39;49m[43mstyle[49m[38;5;241m.[39mapply(highlight_min)

File [0;32m/opt/anaconda3/lib/python3.9/site-packages/pandas/core/frame.py:1442[0m, in [0;36mDataFrame.style[0;34m(self)[0m
[1;32m   1422[0m [38;5;129m@property[39m
[1;32m   1423[0m [38;5;28;01mdef[39;00m [38;5;21mstyle[39m([38;5;28mself[39m) [38;5;241m-[39m[38;5;241m>[39m Styler:
[1;32m   1424[0m     [38;5;124;03m"""[39;00m
[1;32m   1425[0m [38;5;124;03m    Returns a Styler object.[39;00m
[1;32m   1426[0m 
[0;32m   (...)[0m
[1;32m   1440[0m [38;5;124;03m    `Table Visualization <../../user_guide/style.ipynb>`_ for more examples.[39;00m
[1;32m   1441[0m [38;5;124;03m    """[39;00m
[0;32m-> 1442[0m     [38;5;28;01mfrom[39;00m [38;5;21;01mpandas[39;00m[38;5;21;01m.[39;00m[38;5;21;01mio[39;00m[38;5;21;01m.[39;00m[38;5;21;01mformats[39;00m[38;5;21;01m.[39;00m[38;5;21;01mstyle[39;00m [38;5;28;01mimport[39;00m Styler
[1;32m   1444[0m     [38;5;28;01mreturn[39;00m Styler([38;5;28mself[39m)

File [0;32m/opt/anaconda3/lib/python3.9/site-packages/pandas/io/formats/style.py:44[0m
[1;32m     40[0m [38;5;28;01mfrom[39;00m [38;5;21;01mpandas[39;00m[38;5;21;01m.[39;00m[38;5;21;01mcore[39;00m[38;5;21;01m.[39;00m[38;5;21;01mshared_docs[39;00m [38;5;28;01mimport[39;00m _shared_docs
[1;32m     42[0m [38;5;28;01mfrom[39;00m [38;5;21;01mpandas[39;00m[38;5;21;01m.[39;00m[38;5;21;01mio[39;00m[38;5;21;01m.[39;00m[38;5;21;01mformats[39;00m[38;5;21;01m.[39;00m[38;5;21;01mformat[39;00m [38;5;28;01mimport[39;00m save_to_buffer
[0;32m---> 44[0m jinja2 [38;5;241m=[39m [43mimport_optional_dependency[49m[43m([49m[38;5;124;43m"[39;49m[38;5;124;43mjinja2[39;49m[38;5;124;43m"[39;49m[43m,[49m[43m [49m[43mextra[49m[38;5;241;43m=[39;49m[38;5;124;43m"[39;49m[38;5;124;43mDataFrame.style requires jinja2.[39;49m[38;5;124;43m"[39;49m[43m)[49m
[1;32m     46[0m [38;5;28;01mfrom[39;00m [38;5;21;01mpandas[39;00m[38;5;21;01m.[39;00m[38;5;21;01mio[39;00m[38;5;21;01m.[39;00m[38;5;21;01mformats[39;00m[38;5;21;01m.[39;00m[38;5;21;01mstyle_render[39;00m [38;5;28;01mimport[39;00m (
[1;32m     47[0m     CSSProperties,
[1;32m     48[0m     CSSStyles,
[0;32m   (...)[0m
[1;32m     56[0m     refactor_levels,
[1;32m     57[0m )
[1;32m     59[0m [38;5;28;01mif[39;00m TYPE_CHECKING:

File [0;32m/opt/anaconda3/lib/python3.9/site-packages/pandas/compat/_optional.py:164[0m, in [0;36mimport_optional_dependency[0;34m(name, extra, errors, min_version)[0m
[1;32m    162[0m     [38;5;28;01mreturn[39;00m [38;5;28;01mNone[39;00m
[1;32m    163[0m [38;5;28;01melif[39;00m errors [38;5;241m==[39m [38;5;124m"[39m[38;5;124mraise[39m[38;5;124m"[39m:
[0;32m--> 164[0m     [38;5;28;01mraise[39;00m [38;5;167;01mImportError[39;00m(msg)
[1;32m    165[0m [38;5;28;01melse[39;00m:
[1;32m    166[0m     [38;5;28;01mreturn[39;00m [38;5;28;01mNone[39;00m

[0;31mImportError[0m: Pandas requires version '3.1.2' or newer of 'jinja2' (version '2.11.3' currently installed).

