Traceback (most recent call last):
  File "/opt/anaconda3/lib/python3.9/site-packages/jupyter_cache/executors/utils.py", line 58, in single_nb_execution
    executenb(
  File "/opt/anaconda3/lib/python3.9/site-packages/nbclient/client.py", line 1204, in execute
    return NotebookClient(nb=nb, resources=resources, km=km, **kwargs).execute()
  File "/opt/anaconda3/lib/python3.9/site-packages/nbclient/util.py", line 84, in wrapped
    return just_run(coro(*args, **kwargs))
  File "/opt/anaconda3/lib/python3.9/site-packages/nbclient/util.py", line 62, in just_run
    return loop.run_until_complete(coro)
  File "/opt/anaconda3/lib/python3.9/asyncio/base_events.py", line 647, in run_until_complete
    return future.result()
  File "/opt/anaconda3/lib/python3.9/site-packages/nbclient/client.py", line 663, in async_execute
    await self.async_execute_cell(
  File "/opt/anaconda3/lib/python3.9/site-packages/nbclient/client.py", line 965, in async_execute_cell
    await self._check_raise_for_error(cell, cell_index, exec_reply)
  File "/opt/anaconda3/lib/python3.9/site-packages/nbclient/client.py", line 862, in _check_raise_for_error
    raise CellExecutionError.from_cell_and_msg(cell, exec_reply_content)
nbclient.exceptions.CellExecutionError: An error occurred while executing the following cell:
------------------
# remove target column to create feature only dataset
X_train = train.drop('loan_status', 1)
X_val=validation.drop('loan_status', 1)
X_test = test.drop('loan_status', 1)

# Scale data using the mean and standard deviation of the training set. 
# This is not necessary for the simple logistic regression we will do here 
# but should be done if L1 or L2 regrularization is carried out
X_test=(X_test-X_train.mean())/X_train.std()
X_val=(X_val-X_train.mean())/X_train.std()
X_train=(X_train-X_train.mean())/X_train.std()

# store target column as y-variables 
y_train = train['loan_status']
y_val=validation['loan_status']
y_test = test['loan_status']

------------------

[0;31m---------------------------------------------------------------------------[0m
[0;31mTypeError[0m                                 Traceback (most recent call last)
Cell [0;32mIn[36], line 2[0m
[1;32m      1[0m [38;5;66;03m# remove target column to create feature only dataset[39;00m
[0;32m----> 2[0m X_train [38;5;241m=[39m [43mtrain[49m[38;5;241;43m.[39;49m[43mdrop[49m[43m([49m[38;5;124;43m'[39;49m[38;5;124;43mloan_status[39;49m[38;5;124;43m'[39;49m[43m,[49m[43m [49m[38;5;241;43m1[39;49m[43m)[49m
[1;32m      3[0m X_val[38;5;241m=[39mvalidation[38;5;241m.[39mdrop([38;5;124m'[39m[38;5;124mloan_status[39m[38;5;124m'[39m, [38;5;241m1[39m)
[1;32m      4[0m X_test [38;5;241m=[39m test[38;5;241m.[39mdrop([38;5;124m'[39m[38;5;124mloan_status[39m[38;5;124m'[39m, [38;5;241m1[39m)

[0;31mTypeError[0m: drop() takes from 1 to 2 positional arguments but 3 were given
TypeError: drop() takes from 1 to 2 positional arguments but 3 were given

