Traceback (most recent call last):
  File "/Users/adamaiken/Documents/fin-data-analysis-text/.venv/lib/python3.12/site-packages/jupyter_cache/executors/utils.py", line 58, in single_nb_execution
    executenb(
  File "/Users/adamaiken/Documents/fin-data-analysis-text/.venv/lib/python3.12/site-packages/nbclient/client.py", line 1323, in execute
    return NotebookClient(nb=nb, resources=resources, km=km, **kwargs).execute()
           ^^^^^^^^^^^^^^^^^^^^^^^^^^^^^^^^^^^^^^^^^^^^^^^^^^^^^^^^^^^^^^^^^^^^^
  File "/Users/adamaiken/Documents/fin-data-analysis-text/.venv/lib/python3.12/site-packages/jupyter_core/utils/__init__.py", line 165, in wrapped
    return loop.run_until_complete(inner)
           ^^^^^^^^^^^^^^^^^^^^^^^^^^^^^^
  File "/Users/adamaiken/.pyenv/versions/3.12.3/lib/python3.12/asyncio/base_events.py", line 687, in run_until_complete
    return future.result()
           ^^^^^^^^^^^^^^^
  File "/Users/adamaiken/Documents/fin-data-analysis-text/.venv/lib/python3.12/site-packages/nbclient/client.py", line 709, in async_execute
    await self.async_execute_cell(
  File "/Users/adamaiken/Documents/fin-data-analysis-text/.venv/lib/python3.12/site-packages/nbclient/client.py", line 1062, in async_execute_cell
    await self._check_raise_for_error(cell, cell_index, exec_reply)
  File "/Users/adamaiken/Documents/fin-data-analysis-text/.venv/lib/python3.12/site-packages/nbclient/client.py", line 918, in _check_raise_for_error
    raise CellExecutionError.from_cell_and_msg(cell, exec_reply_content)
nbclient.exceptions.CellExecutionError: An error occurred while executing the following cell:
------------------
# Set-up

import numpy as np
import pandas as pd
import math
import scipy.stats as scs
import statsmodels.api as sm
from pylab import mpl, plt

# seaborn
import seaborn as sns

from scipy.stats import norm

import numpy.random as npr  

import quantstats as qs

import janitor
from janitor import clean_names

from sstudentt import SST

# Keeps warnings from cluttering up our notebook. 
import warnings
warnings.filterwarnings('ignore')

# Some plot options that will apply to the whole workbook
plt.style.use('seaborn-v0_8')
mpl.rcParams['font.family'] = 'serif'

# Include this to have plots show up in your Jupyter notebook.
%matplotlib inline 


# Read in some eod prices
stocks = pd.read_csv('https://raw.githubusercontent.com/aaiken1/fin-data-analysis-python/main/data/tr_eikon_eod_data.csv',
                  index_col=0, parse_dates=True)  

stocks.dropna(inplace=True)  

stocks = clean_names(stocks)

rets_log = np.log(stocks / stocks.shift(1))  

rets_log.dropna(inplace=True)  


------------------


[31m---------------------------------------------------------------------------[39m
[31mModuleNotFoundError[39m                       Traceback (most recent call last)
[36mCell[39m[36m [39m[32mIn[1][39m[32m, line 17[39m
[32m     13[39m [38;5;28;01mfrom[39;00m[38;5;250m [39m[34;01mscipy[39;00m[34;01m.[39;00m[34;01mstats[39;00m[38;5;250m [39m[38;5;28;01mimport[39;00m norm
[32m     15[39m [38;5;28;01mimport[39;00m[38;5;250m [39m[34;01mnumpy[39;00m[34;01m.[39;00m[34;01mrandom[39;00m[38;5;250m [39m[38;5;28;01mas[39;00m[38;5;250m [39m[34;01mnpr[39;00m  
[32m---> [39m[32m17[39m [38;5;28;01mimport[39;00m[38;5;250m [39m[34;01mquantstats[39;00m[38;5;250m [39m[38;5;28;01mas[39;00m[38;5;250m [39m[34;01mqs[39;00m
[32m     19[39m [38;5;28;01mimport[39;00m[38;5;250m [39m[34;01mjanitor[39;00m
[32m     20[39m [38;5;28;01mfrom[39;00m[38;5;250m [39m[34;01mjanitor[39;00m[38;5;250m [39m[38;5;28;01mimport[39;00m clean_names

[31mModuleNotFoundError[39m: No module named 'quantstats'

