Traceback (most recent call last):
  File "/opt/anaconda3/lib/python3.9/site-packages/jupyter_cache/executors/utils.py", line 58, in single_nb_execution
    executenb(
  File "/opt/anaconda3/lib/python3.9/site-packages/nbclient/client.py", line 1204, in execute
    return NotebookClient(nb=nb, resources=resources, km=km, **kwargs).execute()
  File "/opt/anaconda3/lib/python3.9/site-packages/nbclient/util.py", line 84, in wrapped
    return just_run(coro(*args, **kwargs))
  File "/opt/anaconda3/lib/python3.9/site-packages/nbclient/util.py", line 62, in just_run
    return loop.run_until_complete(coro)
  File "/opt/anaconda3/lib/python3.9/asyncio/base_events.py", line 647, in run_until_complete
    return future.result()
  File "/opt/anaconda3/lib/python3.9/site-packages/nbclient/client.py", line 663, in async_execute
    await self.async_execute_cell(
  File "/opt/anaconda3/lib/python3.9/site-packages/nbclient/client.py", line 965, in async_execute_cell
    await self._check_raise_for_error(cell, cell_index, exec_reply)
  File "/opt/anaconda3/lib/python3.9/site-packages/nbclient/client.py", line 862, in _check_raise_for_error
    raise CellExecutionError.from_cell_and_msg(cell, exec_reply_content)
nbclient.exceptions.CellExecutionError: An error occurred while executing the following cell:
------------------
#pip install yfinance --upgrade --no-cache-dir
import yfinance as yf

------------------

[0;31m---------------------------------------------------------------------------[0m
[0;31mTypeError[0m                                 Traceback (most recent call last)
Cell [0;32mIn[4], line 2[0m
[1;32m      1[0m [38;5;66;03m#pip install yfinance --upgrade --no-cache-dir[39;00m
[0;32m----> 2[0m [38;5;28;01mimport[39;00m[38;5;250m [39m[38;5;21;01myfinance[39;00m[38;5;250m [39m[38;5;28;01mas[39;00m[38;5;250m [39m[38;5;21;01myf[39;00m

File [0;32m~/Documents/fin-data-analysis-text/.venv/lib/python3.9/site-packages/yfinance/__init__.py:26[0m
[1;32m     24[0m [38;5;28;01mfrom[39;00m[38;5;250m [39m[38;5;21;01m.[39;00m[38;5;21;01mlookup[39;00m[38;5;250m [39m[38;5;28;01mimport[39;00m Lookup
[1;32m     25[0m [38;5;28;01mfrom[39;00m[38;5;250m [39m[38;5;21;01m.[39;00m[38;5;21;01mticker[39;00m[38;5;250m [39m[38;5;28;01mimport[39;00m Ticker
[0;32m---> 26[0m [38;5;28;01mfrom[39;00m[38;5;250m [39m[38;5;21;01m.[39;00m[38;5;21;01mcalendars[39;00m[38;5;250m [39m[38;5;28;01mimport[39;00m Calendars
[1;32m     27[0m [38;5;28;01mfrom[39;00m[38;5;250m [39m[38;5;21;01m.[39;00m[38;5;21;01mtickers[39;00m[38;5;250m [39m[38;5;28;01mimport[39;00m Tickers
[1;32m     28[0m [38;5;28;01mfrom[39;00m[38;5;250m [39m[38;5;21;01m.[39;00m[38;5;21;01mmulti[39;00m[38;5;250m [39m[38;5;28;01mimport[39;00m download

File [0;32m~/Documents/fin-data-analysis-text/.venv/lib/python3.9/site-packages/yfinance/calendars.py:16[0m
[1;32m     12[0m [38;5;28;01mfrom[39;00m[38;5;250m [39m[38;5;21;01m.[39;00m[38;5;21;01mdata[39;00m[38;5;250m [39m[38;5;28;01mimport[39;00m YfData
[1;32m     13[0m [38;5;28;01mfrom[39;00m[38;5;250m [39m[38;5;21;01m.[39;00m[38;5;21;01mexceptions[39;00m[38;5;250m [39m[38;5;28;01mimport[39;00m YFException
[0;32m---> 16[0m [38;5;28;01mclass[39;00m[38;5;250m [39m[38;5;21;01mCalendarQuery[39;00m:
[1;32m     17[0m [38;5;250m    [39m[38;5;124;03m"""[39;00m
[1;32m     18[0m [38;5;124;03m    Simple CalendarQuery class for calendar queries, similar to yf.screener.query.QueryBase.[39;00m
[1;32m     19[0m 
[0;32m   (...)[0m
[1;32m     30[0m [38;5;124;03m    ```[39;00m
[1;32m     31[0m [38;5;124;03m    """[39;00m
[1;32m     33[0m     [38;5;28;01mdef[39;00m[38;5;250m [39m[38;5;21m__init__[39m([38;5;28mself[39m, operator: [38;5;28mstr[39m, operand: [38;5;28mlist[39m[Any] [38;5;241m|[39m [38;5;28mlist[39m[[38;5;124m"[39m[38;5;124mCalendarQuery[39m[38;5;124m"[39m]):

File [0;32m~/Documents/fin-data-analysis-text/.venv/lib/python3.9/site-packages/yfinance/calendars.py:33[0m, in [0;36mCalendarQuery[0;34m()[0m
[1;32m     16[0m [38;5;28;01mclass[39;00m[38;5;250m [39m[38;5;21;01mCalendarQuery[39;00m:
[1;32m     17[0m [38;5;250m    [39m[38;5;124;03m"""[39;00m
[1;32m     18[0m [38;5;124;03m    Simple CalendarQuery class for calendar queries, similar to yf.screener.query.QueryBase.[39;00m
[1;32m     19[0m 
[0;32m   (...)[0m
[1;32m     30[0m [38;5;124;03m    ```[39;00m
[1;32m     31[0m [38;5;124;03m    """[39;00m
[0;32m---> 33[0m     [38;5;28;01mdef[39;00m[38;5;250m [39m[38;5;21m__init__[39m([38;5;28mself[39m, operator: [38;5;28mstr[39m, operand: [38;5;28;43mlist[39;49m[43m[[49m[43mAny[49m[43m][49m[43m [49m[38;5;241;43m|[39;49m[43m [49m[38;5;28;43mlist[39;49m[43m[[49m[38;5;124;43m"[39;49m[38;5;124;43mCalendarQuery[39;49m[38;5;124;43m"[39;49m[43m][49m):
[1;32m     34[0m [38;5;250m        [39m[38;5;124;03m"""[39;00m
[1;32m     35[0m [38;5;124;03m        :param operator: Operator string, e.g., 'eq', 'gte', 'and', 'or'.[39;00m
[1;32m     36[0m [38;5;124;03m        :param operand: List of operands: can be values (str, int), or other Operands instances (nested).[39;00m
[1;32m     37[0m [38;5;124;03m        """[39;00m
[1;32m     38[0m         operator [38;5;241m=[39m operator[38;5;241m.[39mupper()

[0;31mTypeError[0m: unsupported operand type(s) for |: 'types.GenericAlias' and 'types.GenericAlias'
TypeError: unsupported operand type(s) for |: 'types.GenericAlias' and 'types.GenericAlias'

