Traceback (most recent call last):
  File "/Users/adamaiken/Documents/fin-data-analysis-text/.venv/lib/python3.12/site-packages/jupyter_cache/executors/utils.py", line 58, in single_nb_execution
    executenb(
  File "/Users/adamaiken/Documents/fin-data-analysis-text/.venv/lib/python3.12/site-packages/nbclient/client.py", line 1323, in execute
    return NotebookClient(nb=nb, resources=resources, km=km, **kwargs).execute()
           ^^^^^^^^^^^^^^^^^^^^^^^^^^^^^^^^^^^^^^^^^^^^^^^^^^^^^^^^^^^^^^^^^^^^^
  File "/Users/adamaiken/Documents/fin-data-analysis-text/.venv/lib/python3.12/site-packages/jupyter_core/utils/__init__.py", line 165, in wrapped
    return loop.run_until_complete(inner)
           ^^^^^^^^^^^^^^^^^^^^^^^^^^^^^^
  File "/Users/adamaiken/.pyenv/versions/3.12.3/lib/python3.12/asyncio/base_events.py", line 687, in run_until_complete
    return future.result()
           ^^^^^^^^^^^^^^^
  File "/Users/adamaiken/Documents/fin-data-analysis-text/.venv/lib/python3.12/site-packages/nbclient/client.py", line 709, in async_execute
    await self.async_execute_cell(
  File "/Users/adamaiken/Documents/fin-data-analysis-text/.venv/lib/python3.12/site-packages/nbclient/client.py", line 1062, in async_execute_cell
    await self._check_raise_for_error(cell, cell_index, exec_reply)
  File "/Users/adamaiken/Documents/fin-data-analysis-text/.venv/lib/python3.12/site-packages/nbclient/client.py", line 918, in _check_raise_for_error
    raise CellExecutionError.from_cell_and_msg(cell, exec_reply_content)
nbclient.exceptions.CellExecutionError: An error occurred while executing the following cell:
------------------
test_ew = bt.Backtest(ew, data)
res_ew = bt.run(test_ew)

print(type(test_ew))
print(type(res_ew))
------------------

----- stderr -----
  0%|          | 0/1 [00:00<?, ?it/s]
----- stderr -----
  0%|          | 0/1 [00:00<?, ?it/s]
----- stderr -----

------------------

[31m---------------------------------------------------------------------------[39m
[31mValueError[39m                                Traceback (most recent call last)
[36mCell[39m[36m [39m[32mIn[9][39m[32m, line 2[39m
[32m      1[39m test_ew = bt.Backtest(ew, data)
[32m----> [39m[32m2[39m res_ew = [43mbt[49m[43m.[49m[43mrun[49m[43m([49m[43mtest_ew[49m[43m)[49m
[32m      4[39m [38;5;28mprint[39m([38;5;28mtype[39m(test_ew))
[32m      5[39m [38;5;28mprint[39m([38;5;28mtype[39m(res_ew))

[36mFile [39m[32m~/Documents/fin-data-analysis-text/.venv/lib/python3.12/site-packages/bt/backtest.py:31[39m, in [36mrun[39m[34m(*backtests)[39m
[32m     29[39m [38;5;66;03m# run each backtest[39;00m
[32m     30[39m [38;5;28;01mfor[39;00m bkt [38;5;129;01min[39;00m tqdm(backtests):
[32m---> [39m[32m31[39m     [43mbkt[49m[43m.[49m[43mrun[49m[43m([49m[43m)[49m
[32m     33[39m [38;5;28;01mreturn[39;00m Result(*backtests)

[36mFile [39m[32m~/Documents/fin-data-analysis-text/.venv/lib/python3.12/site-packages/bt/backtest.py:241[39m, in [36mBacktest.run[39m[34m(self)[39m
[32m    237[39m     bar = pyprind.ProgBar([38;5;28mlen[39m([38;5;28mself[39m.dates), title=[38;5;28mself[39m.name, stream=[32m1[39m)
[32m    239[39m [38;5;66;03m# since there is a dummy row at time 0, start backtest at date 1.[39;00m
[32m    240[39m [38;5;66;03m# we must still update for t0[39;00m
[32m--> [39m[32m241[39m [38;5;28;43mself[39;49m[43m.[49m[43mstrategy[49m[43m.[49m[43mupdate[49m[43m([49m[38;5;28;43mself[39;49m[43m.[49m[43mdates[49m[43m[[49m[32;43m0[39;49m[43m][49m[43m)[49m
[32m    243[39m [38;5;66;03m# and for the backtest loop, start at date 1[39;00m
[32m    244[39m [38;5;28;01mfor[39;00m dt [38;5;129;01min[39;00m [38;5;28mself[39m.dates[[32m1[39m:]:
[32m    245[39m     [38;5;66;03m# update progress bar[39;00m

[36mFile [39m[32m~/Documents/fin-data-analysis-text/.venv/lib/python3.12/site-packages/bt/core.py:734[39m, in [36mbt.core.StrategyBase.update[39m[34m()[39m

[31mValueError[39m: assignment destination is read-only

