Traceback (most recent call last):
  File "/Users/adamaiken/Documents/fin-data-analysis-text/.venv/lib/python3.9/site-packages/jupyter_core/utils/__init__.py", line 154, in wrapped
    asyncio.get_running_loop()
RuntimeError: no running event loop

During handling of the above exception, another exception occurred:

Traceback (most recent call last):
  File "/Users/adamaiken/Documents/fin-data-analysis-text/.venv/lib/python3.9/site-packages/jupyter_cache/executors/utils.py", line 58, in single_nb_execution
    executenb(
  File "/Users/adamaiken/Documents/fin-data-analysis-text/.venv/lib/python3.9/site-packages/nbclient/client.py", line 1319, in execute
    return NotebookClient(nb=nb, resources=resources, km=km, **kwargs).execute()
  File "/Users/adamaiken/Documents/fin-data-analysis-text/.venv/lib/python3.9/site-packages/jupyter_core/utils/__init__.py", line 158, in wrapped
    return loop.run_until_complete(inner)
  File "/opt/anaconda3/lib/python3.9/asyncio/base_events.py", line 647, in run_until_complete
    return future.result()
  File "/Users/adamaiken/Documents/fin-data-analysis-text/.venv/lib/python3.9/site-packages/nbclient/client.py", line 709, in async_execute
    await self.async_execute_cell(
  File "/Users/adamaiken/Documents/fin-data-analysis-text/.venv/lib/python3.9/site-packages/nbclient/client.py", line 1062, in async_execute_cell
    await self._check_raise_for_error(cell, cell_index, exec_reply)
  File "/Users/adamaiken/Documents/fin-data-analysis-text/.venv/lib/python3.9/site-packages/nbclient/client.py", line 918, in _check_raise_for_error
    raise CellExecutionError.from_cell_and_msg(cell, exec_reply_content)
nbclient.exceptions.CellExecutionError: An error occurred while executing the following cell:
------------------
# Bad - cramped and hard to read
portfolio_return=weights[0]*returns[0]+weights[1]*returns[1]+weights[2]*returns[2]

# Good - breathing room
portfolio_return = weights[0] * returns[0] + weights[1] * returns[1] + weights[2] * returns[2]

# Even better - break long lines
portfolio_return = (weights[0] * returns[0] 
                    + weights[1] * returns[1] 
                    + weights[2] * returns[2])
------------------


[0;31m---------------------------------------------------------------------------[0m
[0;31mNameError[0m                                 Traceback (most recent call last)
Cell [0;32mIn[3], line 2[0m
[1;32m      1[0m [38;5;66;03m# Bad - cramped and hard to read[39;00m
[0;32m----> 2[0m portfolio_return[38;5;241m=[39m[43mweights[49m[[38;5;241m0[39m][38;5;241m*[39mreturns[[38;5;241m0[39m][38;5;241m+[39mweights[[38;5;241m1[39m][38;5;241m*[39mreturns[[38;5;241m1[39m][38;5;241m+[39mweights[[38;5;241m2[39m][38;5;241m*[39mreturns[[38;5;241m2[39m]
[1;32m      4[0m [38;5;66;03m# Good - breathing room[39;00m
[1;32m      5[0m portfolio_return [38;5;241m=[39m weights[[38;5;241m0[39m] [38;5;241m*[39m returns[[38;5;241m0[39m] [38;5;241m+[39m weights[[38;5;241m1[39m] [38;5;241m*[39m returns[[38;5;241m1[39m] [38;5;241m+[39m weights[[38;5;241m2[39m] [38;5;241m*[39m returns[[38;5;241m2[39m]

[0;31mNameError[0m: name 'weights' is not defined

