Traceback (most recent call last):
  File "/Users/adamaiken/Documents/fin-data-analysis-text/.venv/lib/python3.9/site-packages/jupyter_core/utils/__init__.py", line 154, in wrapped
    asyncio.get_running_loop()
RuntimeError: no running event loop

During handling of the above exception, another exception occurred:

Traceback (most recent call last):
  File "/Users/adamaiken/Documents/fin-data-analysis-text/.venv/lib/python3.9/site-packages/jupyter_cache/executors/utils.py", line 58, in single_nb_execution
    executenb(
  File "/Users/adamaiken/Documents/fin-data-analysis-text/.venv/lib/python3.9/site-packages/nbclient/client.py", line 1319, in execute
    return NotebookClient(nb=nb, resources=resources, km=km, **kwargs).execute()
  File "/Users/adamaiken/Documents/fin-data-analysis-text/.venv/lib/python3.9/site-packages/jupyter_core/utils/__init__.py", line 158, in wrapped
    return loop.run_until_complete(inner)
  File "/opt/anaconda3/lib/python3.9/asyncio/base_events.py", line 647, in run_until_complete
    return future.result()
  File "/Users/adamaiken/Documents/fin-data-analysis-text/.venv/lib/python3.9/site-packages/nbclient/client.py", line 709, in async_execute
    await self.async_execute_cell(
  File "/Users/adamaiken/Documents/fin-data-analysis-text/.venv/lib/python3.9/site-packages/nbclient/client.py", line 1062, in async_execute_cell
    await self._check_raise_for_error(cell, cell_index, exec_reply)
  File "/Users/adamaiken/Documents/fin-data-analysis-text/.venv/lib/python3.9/site-packages/nbclient/client.py", line 918, in _check_raise_for_error
    raise CellExecutionError.from_cell_and_msg(cell, exec_reply_content)
nbclient.exceptions.CellExecutionError: An error occurred while executing the following cell:
------------------
# Read in some eod prices
import numpy as np
import pandas as pd

from pylab import mpl, plt

import scipy.optimize as sco

raw = pd.read_csv('https://raw.githubusercontent.com/aaiken1/fin-data-analysis-python/main/data/tr_eikon_eod_data.csv',
                  index_col=0, parse_dates=True).dropna() 

symbols = ['AAPL.O', 'MSFT.O', 'SPY', 'GLD'] #two stocks and two ETFs

noa = len(symbols) #noa = number of assets

data = raw[symbols]

rets = data.pct_change().dropna()

noa = 4

weights = np.random.random(noa)
weights /= np.sum(weights)

ann_rets = rets.mean() * 252

def port_ret(weights):
    return np.sum(ann_rets * weights)

def port_vol(weights):
    return np.sort(np.dot(weights.T, np.dot(rets.cov() * 252, weights)))

def sharpe(weights):  
    return port_ret(weights) / port_vol(weights)  

sharpe(weights)

------------------


[0;31m---------------------------------------------------------------------------[0m
[0;31mAxisError[0m                                 Traceback (most recent call last)
Cell [0;32mIn[7], line 36[0m
[1;32m     33[0m [38;5;28;01mdef[39;00m[38;5;250m [39m[38;5;21msharpe[39m(weights):  
[1;32m     34[0m     [38;5;28;01mreturn[39;00m port_ret(weights) [38;5;241m/[39m port_vol(weights)  
[0;32m---> 36[0m [43msharpe[49m[43m([49m[43mweights[49m[43m)[49m

Cell [0;32mIn[7], line 34[0m, in [0;36msharpe[0;34m(weights)[0m
[1;32m     33[0m [38;5;28;01mdef[39;00m[38;5;250m [39m[38;5;21msharpe[39m(weights):  
[0;32m---> 34[0m     [38;5;28;01mreturn[39;00m port_ret(weights) [38;5;241m/[39m [43mport_vol[49m[43m([49m[43mweights[49m[43m)[49m

Cell [0;32mIn[7], line 31[0m, in [0;36mport_vol[0;34m(weights)[0m
[1;32m     30[0m [38;5;28;01mdef[39;00m[38;5;250m [39m[38;5;21mport_vol[39m(weights):
[0;32m---> 31[0m     [38;5;28;01mreturn[39;00m [43mnp[49m[38;5;241;43m.[39;49m[43msort[49m[43m([49m[43mnp[49m[38;5;241;43m.[39;49m[43mdot[49m[43m([49m[43mweights[49m[38;5;241;43m.[39;49m[43mT[49m[43m,[49m[43m [49m[43mnp[49m[38;5;241;43m.[39;49m[43mdot[49m[43m([49m[43mrets[49m[38;5;241;43m.[39;49m[43mcov[49m[43m([49m[43m)[49m[43m [49m[38;5;241;43m*[39;49m[43m [49m[38;5;241;43m252[39;49m[43m,[49m[43m [49m[43mweights[49m[43m)[49m[43m)[49m[43m)[49m

File [0;32m~/Documents/fin-data-analysis-text/.venv/lib/python3.9/site-packages/numpy/core/fromnumeric.py:1017[0m, in [0;36msort[0;34m(a, axis, kind, order)[0m
[1;32m   1015[0m [38;5;28;01melse[39;00m:
[1;32m   1016[0m     a [38;5;241m=[39m asanyarray(a)[38;5;241m.[39mcopy(order[38;5;241m=[39m[38;5;124m"[39m[38;5;124mK[39m[38;5;124m"[39m)
[0;32m-> 1017[0m [43ma[49m[38;5;241;43m.[39;49m[43msort[49m[43m([49m[43maxis[49m[38;5;241;43m=[39;49m[43maxis[49m[43m,[49m[43m [49m[43mkind[49m[38;5;241;43m=[39;49m[43mkind[49m[43m,[49m[43m [49m[43morder[49m[38;5;241;43m=[39;49m[43morder[49m[43m)[49m
[1;32m   1018[0m [38;5;28;01mreturn[39;00m a

[0;31mAxisError[0m: axis -1 is out of bounds for array of dimension 0

