Traceback (most recent call last):
  File "/Users/adamaiken/Documents/fin-data-analysis-text/.venv/lib/python3.12/site-packages/jupyter_cache/executors/utils.py", line 58, in single_nb_execution
    executenb(
  File "/Users/adamaiken/Documents/fin-data-analysis-text/.venv/lib/python3.12/site-packages/nbclient/client.py", line 1323, in execute
    return NotebookClient(nb=nb, resources=resources, km=km, **kwargs).execute()
           ^^^^^^^^^^^^^^^^^^^^^^^^^^^^^^^^^^^^^^^^^^^^^^^^^^^^^^^^^^^^^^^^^^^^^
  File "/Users/adamaiken/Documents/fin-data-analysis-text/.venv/lib/python3.12/site-packages/jupyter_core/utils/__init__.py", line 165, in wrapped
    return loop.run_until_complete(inner)
           ^^^^^^^^^^^^^^^^^^^^^^^^^^^^^^
  File "/Users/adamaiken/.pyenv/versions/3.12.3/lib/python3.12/asyncio/base_events.py", line 687, in run_until_complete
    return future.result()
           ^^^^^^^^^^^^^^^
  File "/Users/adamaiken/Documents/fin-data-analysis-text/.venv/lib/python3.12/site-packages/nbclient/client.py", line 709, in async_execute
    await self.async_execute_cell(
  File "/Users/adamaiken/Documents/fin-data-analysis-text/.venv/lib/python3.12/site-packages/nbclient/client.py", line 1062, in async_execute_cell
    await self._check_raise_for_error(cell, cell_index, exec_reply)
  File "/Users/adamaiken/Documents/fin-data-analysis-text/.venv/lib/python3.12/site-packages/nbclient/client.py", line 918, in _check_raise_for_error
    raise CellExecutionError.from_cell_and_msg(cell, exec_reply_content)
nbclient.exceptions.CellExecutionError: An error occurred while executing the following cell:
------------------
(
    nc.groupby('type')
    .mean()['beer_count']
    .to_frame()
    .style
        .format(precision=0)
        .set_caption('Beer Count by Brewery Type')   
)
------------------


[31m---------------------------------------------------------------------------[39m
[31mTypeError[39m                                 Traceback (most recent call last)
[36mCell[39m[36m [39m[32mIn[17][39m[32m, line 3[39m
[32m      1[39m (
[32m      2[39m     [43mnc[49m[43m.[49m[43mgroupby[49m[43m([49m[33;43m'[39;49m[33;43mtype[39;49m[33;43m'[39;49m[43m)[49m
[32m----> [39m[32m3[39m [43m    [49m[43m.[49m[43mmean[49m[43m([49m[43m)[49m[[33m'[39m[33mbeer_count[39m[33m'[39m]
[32m      4[39m     .to_frame()
[32m      5[39m     .style
[32m      6[39m         .format(precision=[32m0[39m)
[32m      7[39m         .set_caption([33m'[39m[33mBeer Count by Brewery Type[39m[33m'[39m)   
[32m      8[39m )

[36mFile [39m[32m~/Documents/fin-data-analysis-text/.venv/lib/python3.12/site-packages/pandas/core/groupby/groupby.py:2285[39m, in [36mGroupBy.mean[39m[34m(self, numeric_only, skipna, engine, engine_kwargs)[39m
[32m   2277[39m     [38;5;28;01mreturn[39;00m [38;5;28mself[39m._numba_agg_general(
[32m   2278[39m         grouped_mean,
[32m   2279[39m         executor.float_dtype_mapping,
[32m   (...)[39m[32m   2282[39m         skipna=skipna,
[32m   2283[39m     )
[32m   2284[39m [38;5;28;01melse[39;00m:
[32m-> [39m[32m2285[39m     result = [38;5;28;43mself[39;49m[43m.[49m[43m_cython_agg_general[49m[43m([49m
[32m   2286[39m [43m        [49m[33;43m"[39;49m[33;43mmean[39;49m[33;43m"[39;49m[43m,[49m
[32m   2287[39m [43m        [49m[43malt[49m[43m=[49m[38;5;28;43;01mlambda[39;49;00m[43m [49m[43mx[49m[43m:[49m[43m [49m[43mSeries[49m[43m([49m[43mx[49m[43m,[49m[43m [49m[43mcopy[49m[43m=[49m[38;5;28;43;01mFalse[39;49;00m[43m)[49m[43m.[49m[43mmean[49m[43m([49m
[32m   2288[39m [43m            [49m[43mnumeric_only[49m[43m=[49m[43mnumeric_only[49m[43m,[49m[43m [49m[43mskipna[49m[43m=[49m[43mskipna[49m
[32m   2289[39m [43m        [49m[43m)[49m[43m,[49m
[32m   2290[39m [43m        [49m[43mnumeric_only[49m[43m=[49m[43mnumeric_only[49m[43m,[49m
[32m   2291[39m [43m        [49m[43mskipna[49m[43m=[49m[43mskipna[49m[43m,[49m
[32m   2292[39m [43m    [49m[43m)[49m
[32m   2293[39m     [38;5;28;01mreturn[39;00m result.__finalize__([38;5;28mself[39m.obj, method=[33m"[39m[33mgroupby[39m[33m"[39m)

[36mFile [39m[32m~/Documents/fin-data-analysis-text/.venv/lib/python3.12/site-packages/pandas/core/groupby/groupby.py:1808[39m, in [36mGroupBy._cython_agg_general[39m[34m(self, how, alt, numeric_only, min_count, **kwargs)[39m
[32m   1805[39m     result = [38;5;28mself[39m._agg_py_fallback(how, values, ndim=data.ndim, alt=alt)
[32m   1806[39m     [38;5;28;01mreturn[39;00m result
[32m-> [39m[32m1808[39m new_mgr = [43mdata[49m[43m.[49m[43mgrouped_reduce[49m[43m([49m[43marray_func[49m[43m)[49m
[32m   1809[39m res = [38;5;28mself[39m._wrap_agged_manager(new_mgr)
[32m   1810[39m [38;5;28;01mif[39;00m how [38;5;129;01min[39;00m [[33m"[39m[33midxmin[39m[33m"[39m, [33m"[39m[33midxmax[39m[33m"[39m]:
[32m   1811[39m     [38;5;66;03m# mypy expects how to be Literal["idxmin", "idxmax"].[39;00m

[36mFile [39m[32m~/Documents/fin-data-analysis-text/.venv/lib/python3.12/site-packages/pandas/core/internals/managers.py:1629[39m, in [36mBlockManager.grouped_reduce[39m[34m(self, func)[39m
[32m   1627[39m             result_blocks = extend_blocks(applied, result_blocks)
[32m   1628[39m     [38;5;28;01melse[39;00m:
[32m-> [39m[32m1629[39m         applied = [43mblk[49m[43m.[49m[43mapply[49m[43m([49m[43mfunc[49m[43m)[49m
[32m   1630[39m         result_blocks = extend_blocks(applied, result_blocks)
[32m   1632[39m [38;5;28;01mif[39;00m [38;5;28mlen[39m(result_blocks) == [32m0[39m:

[36mFile [39m[32m~/Documents/fin-data-analysis-text/.venv/lib/python3.12/site-packages/pandas/core/internals/blocks.py:347[39m, in [36mBlock.apply[39m[34m(self, func, **kwargs)[39m
[32m    341[39m [38;5;129m@final[39m
[32m    342[39m [38;5;28;01mdef[39;00m[38;5;250m [39m[34mapply[39m([38;5;28mself[39m, func, **kwargs) -> [38;5;28mlist[39m[Block]:
[32m    343[39m [38;5;250m    [39m[33;03m"""[39;00m
[32m    344[39m [33;03m    apply the function to my values; return a block if we are not[39;00m
[32m    345[39m [33;03m    one[39;00m
[32m    346[39m [33;03m    """[39;00m
[32m--> [39m[32m347[39m     result = [43mfunc[49m[43m([49m[38;5;28;43mself[39;49m[43m.[49m[43mvalues[49m[43m,[49m[43m [49m[43m*[49m[43m*[49m[43mkwargs[49m[43m)[49m
[32m    349[39m     result = maybe_coerce_values(result)
[32m    350[39m     [38;5;28;01mreturn[39;00m [38;5;28mself[39m._split_op_result(result)

[36mFile [39m[32m~/Documents/fin-data-analysis-text/.venv/lib/python3.12/site-packages/pandas/core/groupby/groupby.py:1783[39m, in [36mGroupBy._cython_agg_general.<locals>.array_func[39m[34m(values)[39m
[32m   1781[39m [38;5;28;01mdef[39;00m[38;5;250m [39m[34marray_func[39m(values: ArrayLike) -> ArrayLike:
[32m   1782[39m     [38;5;28;01mtry[39;00m:
[32m-> [39m[32m1783[39m         result = [38;5;28;43mself[39;49m[43m.[49m[43m_grouper[49m[43m.[49m[43m_cython_operation[49m[43m([49m
[32m   1784[39m [43m            [49m[33;43m"[39;49m[33;43maggregate[39;49m[33;43m"[39;49m[43m,[49m
[32m   1785[39m [43m            [49m[43mvalues[49m[43m,[49m
[32m   1786[39m [43m            [49m[43mhow[49m[43m,[49m
[32m   1787[39m [43m            [49m[43maxis[49m[43m=[49m[43mdata[49m[43m.[49m[43mndim[49m[43m [49m[43m-[49m[43m [49m[32;43m1[39;49m[43m,[49m
[32m   1788[39m [43m            [49m[43mmin_count[49m[43m=[49m[43mmin_count[49m[43m,[49m
[32m   1789[39m [43m            [49m[43m*[49m[43m*[49m[43mkwargs[49m[43m,[49m
[32m   1790[39m [43m        [49m[43m)[49m
[32m   1791[39m     [38;5;28;01mexcept[39;00m [38;5;167;01mNotImplementedError[39;00m:
[32m   1792[39m         [38;5;66;03m# generally if we have numeric_only=False[39;00m
[32m   1793[39m         [38;5;66;03m# and non-applicable functions[39;00m
[32m   1794[39m         [38;5;66;03m# try to python agg[39;00m
[32m   1795[39m         [38;5;66;03m# TODO: shouldn't min_count matter?[39;00m
[32m   1796[39m         [38;5;66;03m# TODO: avoid special casing SparseArray here[39;00m
[32m   1797[39m         [38;5;28;01mif[39;00m how [38;5;129;01min[39;00m [[33m"[39m[33many[39m[33m"[39m, [33m"[39m[33mall[39m[33m"[39m] [38;5;129;01mand[39;00m [38;5;28misinstance[39m(values, SparseArray):

[36mFile [39m[32m~/Documents/fin-data-analysis-text/.venv/lib/python3.12/site-packages/pandas/core/groupby/ops.py:957[39m, in [36mBaseGrouper._cython_operation[39m[34m(self, kind, values, how, axis, min_count, **kwargs)[39m
[32m    953[39m [38;5;28;01massert[39;00m kind [38;5;129;01min[39;00m [[33m"[39m[33mtransform[39m[33m"[39m, [33m"[39m[33maggregate[39m[33m"[39m]
[32m    955[39m cy_op = WrappedCythonOp(kind=kind, how=how, has_dropped_na=[38;5;28mself[39m.has_dropped_na)
[32m--> [39m[32m957[39m [38;5;28;01mreturn[39;00m [43mcy_op[49m[43m.[49m[43mcython_operation[49m[43m([49m
[32m    958[39m [43m    [49m[43mvalues[49m[43m=[49m[43mvalues[49m[43m,[49m
[32m    959[39m [43m    [49m[43maxis[49m[43m=[49m[43maxis[49m[43m,[49m
[32m    960[39m [43m    [49m[43mmin_count[49m[43m=[49m[43mmin_count[49m[43m,[49m
[32m    961[39m [43m    [49m[43mcomp_ids[49m[43m=[49m[38;5;28;43mself[39;49m[43m.[49m[43mids[49m[43m,[49m
[32m    962[39m [43m    [49m[43mngroups[49m[43m=[49m[38;5;28;43mself[39;49m[43m.[49m[43mngroups[49m[43m,[49m
[32m    963[39m [43m    [49m[43m*[49m[43m*[49m[43mkwargs[49m[43m,[49m
[32m    964[39m [43m[49m[43m)[49m

[36mFile [39m[32m~/Documents/fin-data-analysis-text/.venv/lib/python3.12/site-packages/pandas/core/groupby/ops.py:553[39m, in [36mWrappedCythonOp.cython_operation[39m[34m(self, values, axis, min_count, comp_ids, ngroups, **kwargs)[39m
[32m    549[39m [38;5;28mself[39m._validate_axis(axis, values)
[32m    551[39m [38;5;28;01mif[39;00m [38;5;129;01mnot[39;00m [38;5;28misinstance[39m(values, np.ndarray):
[32m    552[39m     [38;5;66;03m# i.e. ExtensionArray[39;00m
[32m--> [39m[32m553[39m     [38;5;28;01mreturn[39;00m [43mvalues[49m[43m.[49m[43m_groupby_op[49m[43m([49m
[32m    554[39m [43m        [49m[43mhow[49m[43m=[49m[38;5;28;43mself[39;49m[43m.[49m[43mhow[49m[43m,[49m
[32m    555[39m [43m        [49m[43mhas_dropped_na[49m[43m=[49m[38;5;28;43mself[39;49m[43m.[49m[43mhas_dropped_na[49m[43m,[49m
[32m    556[39m [43m        [49m[43mmin_count[49m[43m=[49m[43mmin_count[49m[43m,[49m
[32m    557[39m [43m        [49m[43mngroups[49m[43m=[49m[43mngroups[49m[43m,[49m
[32m    558[39m [43m        [49m[43mids[49m[43m=[49m[43mcomp_ids[49m[43m,[49m
[32m    559[39m [43m        [49m[43m*[49m[43m*[49m[43mkwargs[49m[43m,[49m
[32m    560[39m [43m    [49m[43m)[49m
[32m    562[39m [38;5;28;01mreturn[39;00m [38;5;28mself[39m._cython_op_ndim_compat(
[32m    563[39m     values,
[32m    564[39m     min_count=min_count,
[32m   (...)[39m[32m    568[39m     **kwargs,
[32m    569[39m )

[36mFile [39m[32m~/Documents/fin-data-analysis-text/.venv/lib/python3.12/site-packages/pandas/core/arrays/base.py:2755[39m, in [36mExtensionArray._groupby_op[39m[34m(self, how, has_dropped_na, min_count, ngroups, ids, **kwargs)[39m
[32m   2741[39m [38;5;28;01mif[39;00m [38;5;28misinstance[39m([38;5;28mself[39m.dtype, StringDtype):
[32m   2742[39m     [38;5;66;03m# StringArray[39;00m
[32m   2743[39m     [38;5;28;01mif[39;00m op.how [38;5;129;01min[39;00m [
[32m   2744[39m         [33m"[39m[33mprod[39m[33m"[39m,
[32m   2745[39m         [33m"[39m[33mmean[39m[33m"[39m,
[32m   (...)[39m[32m   2753[39m         [33m"[39m[33mkurt[39m[33m"[39m,
[32m   2754[39m     ]:
[32m-> [39m[32m2755[39m         [38;5;28;01mraise[39;00m [38;5;167;01mTypeError[39;00m(
[32m   2756[39m             [33mf[39m[33m"[39m[33mdtype [39m[33m'[39m[38;5;132;01m{[39;00m[38;5;28mself[39m.dtype[38;5;132;01m}[39;00m[33m'[39m[33m does not support operation [39m[33m'[39m[38;5;132;01m{[39;00mhow[38;5;132;01m}[39;00m[33m'[39m[33m"[39m
[32m   2757[39m         )
[32m   2758[39m     [38;5;28;01mif[39;00m op.how [38;5;129;01mnot[39;00m [38;5;129;01min[39;00m [[33m"[39m[33many[39m[33m"[39m, [33m"[39m[33mall[39m[33m"[39m]:
[32m   2759[39m         [38;5;66;03m# Fail early to avoid conversion to object[39;00m
[32m   2760[39m         op._get_cython_function(op.kind, op.how, np.dtype([38;5;28mobject[39m), [38;5;28;01mFalse[39;00m)

[31mTypeError[39m: dtype 'string' does not support operation 'mean'

