Traceback (most recent call last):
  File "/Users/adamaiken/Documents/fin-data-analysis-text/.venv/lib/python3.12/site-packages/jupyter_cache/executors/utils.py", line 58, in single_nb_execution
    executenb(
  File "/Users/adamaiken/Documents/fin-data-analysis-text/.venv/lib/python3.12/site-packages/nbclient/client.py", line 1323, in execute
    return NotebookClient(nb=nb, resources=resources, km=km, **kwargs).execute()
           ^^^^^^^^^^^^^^^^^^^^^^^^^^^^^^^^^^^^^^^^^^^^^^^^^^^^^^^^^^^^^^^^^^^^^
  File "/Users/adamaiken/Documents/fin-data-analysis-text/.venv/lib/python3.12/site-packages/jupyter_core/utils/__init__.py", line 165, in wrapped
    return loop.run_until_complete(inner)
           ^^^^^^^^^^^^^^^^^^^^^^^^^^^^^^
  File "/Users/adamaiken/.pyenv/versions/3.12.3/lib/python3.12/asyncio/base_events.py", line 687, in run_until_complete
    return future.result()
           ^^^^^^^^^^^^^^^
  File "/Users/adamaiken/Documents/fin-data-analysis-text/.venv/lib/python3.12/site-packages/nbclient/client.py", line 709, in async_execute
    await self.async_execute_cell(
  File "/Users/adamaiken/Documents/fin-data-analysis-text/.venv/lib/python3.12/site-packages/nbclient/client.py", line 1062, in async_execute_cell
    await self._check_raise_for_error(cell, cell_index, exec_reply)
  File "/Users/adamaiken/Documents/fin-data-analysis-text/.venv/lib/python3.12/site-packages/nbclient/client.py", line 918, in _check_raise_for_error
    raise CellExecutionError.from_cell_and_msg(cell, exec_reply_content)
nbclient.exceptions.CellExecutionError: An error occurred while executing the following cell:
------------------
btc = fred.get_series('CBBTCUSD')
btc.tail()
------------------


[31m---------------------------------------------------------------------------[39m
[31mHTTPError[39m                                 Traceback (most recent call last)
[36mFile [39m[32m~/Documents/fin-data-analysis-text/.venv/lib/python3.12/site-packages/fredapi/fred.py:84[39m, in [36mFred.__fetch_data[39m[34m(self, url)[39m
[32m     83[39m [38;5;28;01mtry[39;00m:
[32m---> [39m[32m84[39m     response = [43murlopen[49m[43m([49m[43murl[49m[43m)[49m
[32m     85[39m     root = ET.fromstring(response.read())

[36mFile [39m[32m~/.pyenv/versions/3.12.3/lib/python3.12/urllib/request.py:215[39m, in [36murlopen[39m[34m(url, data, timeout, cafile, capath, cadefault, context)[39m
[32m    214[39m     opener = _opener
[32m--> [39m[32m215[39m [38;5;28;01mreturn[39;00m [43mopener[49m[43m.[49m[43mopen[49m[43m([49m[43murl[49m[43m,[49m[43m [49m[43mdata[49m[43m,[49m[43m [49m[43mtimeout[49m[43m)[49m

[36mFile [39m[32m~/.pyenv/versions/3.12.3/lib/python3.12/urllib/request.py:521[39m, in [36mOpenerDirector.open[39m[34m(self, fullurl, data, timeout)[39m
[32m    520[39m     meth = [38;5;28mgetattr[39m(processor, meth_name)
[32m--> [39m[32m521[39m     response = [43mmeth[49m[43m([49m[43mreq[49m[43m,[49m[43m [49m[43mresponse[49m[43m)[49m
[32m    523[39m [38;5;28;01mreturn[39;00m response

[36mFile [39m[32m~/.pyenv/versions/3.12.3/lib/python3.12/urllib/request.py:630[39m, in [36mHTTPErrorProcessor.http_response[39m[34m(self, request, response)[39m
[32m    629[39m [38;5;28;01mif[39;00m [38;5;129;01mnot[39;00m ([32m200[39m <= code < [32m300[39m):
[32m--> [39m[32m630[39m     response = [38;5;28;43mself[39;49m[43m.[49m[43mparent[49m[43m.[49m[43merror[49m[43m([49m
[32m    631[39m [43m        [49m[33;43m'[39;49m[33;43mhttp[39;49m[33;43m'[39;49m[43m,[49m[43m [49m[43mrequest[49m[43m,[49m[43m [49m[43mresponse[49m[43m,[49m[43m [49m[43mcode[49m[43m,[49m[43m [49m[43mmsg[49m[43m,[49m[43m [49m[43mhdrs[49m[43m)[49m
[32m    633[39m [38;5;28;01mreturn[39;00m response

[36mFile [39m[32m~/.pyenv/versions/3.12.3/lib/python3.12/urllib/request.py:559[39m, in [36mOpenerDirector.error[39m[34m(self, proto, *args)[39m
[32m    558[39m args = ([38;5;28mdict[39m, [33m'[39m[33mdefault[39m[33m'[39m, [33m'[39m[33mhttp_error_default[39m[33m'[39m) + orig_args
[32m--> [39m[32m559[39m [38;5;28;01mreturn[39;00m [38;5;28;43mself[39;49m[43m.[49m[43m_call_chain[49m[43m([49m[43m*[49m[43margs[49m[43m)[49m

[36mFile [39m[32m~/.pyenv/versions/3.12.3/lib/python3.12/urllib/request.py:492[39m, in [36mOpenerDirector._call_chain[39m[34m(self, chain, kind, meth_name, *args)[39m
[32m    491[39m func = [38;5;28mgetattr[39m(handler, meth_name)
[32m--> [39m[32m492[39m result = [43mfunc[49m[43m([49m[43m*[49m[43margs[49m[43m)[49m
[32m    493[39m [38;5;28;01mif[39;00m result [38;5;129;01mis[39;00m [38;5;129;01mnot[39;00m [38;5;28;01mNone[39;00m:

[36mFile [39m[32m~/.pyenv/versions/3.12.3/lib/python3.12/urllib/request.py:639[39m, in [36mHTTPDefaultErrorHandler.http_error_default[39m[34m(self, req, fp, code, msg, hdrs)[39m
[32m    638[39m [38;5;28;01mdef[39;00m[38;5;250m [39m[34mhttp_error_default[39m([38;5;28mself[39m, req, fp, code, msg, hdrs):
[32m--> [39m[32m639[39m     [38;5;28;01mraise[39;00m HTTPError(req.full_url, code, msg, hdrs, fp)

[31mHTTPError[39m: HTTP Error 500: Internal Server Error

During handling of the above exception, another exception occurred:

[31mValueError[39m                                Traceback (most recent call last)
[36mCell[39m[36m [39m[32mIn[3][39m[32m, line 1[39m
[32m----> [39m[32m1[39m btc = [43mfred[49m[43m.[49m[43mget_series[49m[43m([49m[33;43m'[39;49m[33;43mCBBTCUSD[39;49m[33;43m'[39;49m[43m)[49m
[32m      2[39m btc.tail()

[36mFile [39m[32m~/Documents/fin-data-analysis-text/.venv/lib/python3.12/site-packages/fredapi/fred.py:151[39m, in [36mFred.get_series[39m[34m(self, series_id, observation_start, observation_end, **kwargs)[39m
[32m    149[39m [38;5;28;01mif[39;00m kwargs.keys():
[32m    150[39m     url += [33m'[39m[33m&[39m[33m'[39m + urlencode(kwargs)
[32m--> [39m[32m151[39m root = [38;5;28;43mself[39;49m[43m.[49m[43m__fetch_data[49m[43m([49m[43murl[49m[43m)[49m
[32m    152[39m [38;5;28;01mif[39;00m root [38;5;129;01mis[39;00m [38;5;28;01mNone[39;00m:
[32m    153[39m     [38;5;28;01mraise[39;00m [38;5;167;01mValueError[39;00m([33m'[39m[33mNo data exists for series id: [39m[33m'[39m + series_id)

[36mFile [39m[32m~/Documents/fin-data-analysis-text/.venv/lib/python3.12/site-packages/fredapi/fred.py:88[39m, in [36mFred.__fetch_data[39m[34m(self, url)[39m
[32m     86[39m [38;5;28;01mexcept[39;00m HTTPError [38;5;28;01mas[39;00m exc:
[32m     87[39m     root = ET.fromstring(exc.read())
[32m---> [39m[32m88[39m     [38;5;28;01mraise[39;00m [38;5;167;01mValueError[39;00m(root.get([33m'[39m[33mmessage[39m[33m'[39m))
[32m     89[39m [38;5;28;01mreturn[39;00m root

[31mValueError[39m: Internal Server Error

