Traceback (most recent call last):
  File "/Users/adamaiken/Documents/fin-data-analysis-text/.venv/lib/python3.12/site-packages/jupyter_cache/executors/utils.py", line 58, in single_nb_execution
    executenb(
  File "/Users/adamaiken/Documents/fin-data-analysis-text/.venv/lib/python3.12/site-packages/nbclient/client.py", line 1323, in execute
    return NotebookClient(nb=nb, resources=resources, km=km, **kwargs).execute()
           ^^^^^^^^^^^^^^^^^^^^^^^^^^^^^^^^^^^^^^^^^^^^^^^^^^^^^^^^^^^^^^^^^^^^^
  File "/Users/adamaiken/Documents/fin-data-analysis-text/.venv/lib/python3.12/site-packages/jupyter_core/utils/__init__.py", line 165, in wrapped
    return loop.run_until_complete(inner)
           ^^^^^^^^^^^^^^^^^^^^^^^^^^^^^^
  File "/Users/adamaiken/.pyenv/versions/3.12.3/lib/python3.12/asyncio/base_events.py", line 687, in run_until_complete
    return future.result()
           ^^^^^^^^^^^^^^^
  File "/Users/adamaiken/Documents/fin-data-analysis-text/.venv/lib/python3.12/site-packages/nbclient/client.py", line 709, in async_execute
    await self.async_execute_cell(
  File "/Users/adamaiken/Documents/fin-data-analysis-text/.venv/lib/python3.12/site-packages/nbclient/client.py", line 1062, in async_execute_cell
    await self._check_raise_for_error(cell, cell_index, exec_reply)
  File "/Users/adamaiken/Documents/fin-data-analysis-text/.venv/lib/python3.12/site-packages/nbclient/client.py", line 918, in _check_raise_for_error
    raise CellExecutionError.from_cell_and_msg(cell, exec_reply_content)
nbclient.exceptions.CellExecutionError: An error occurred while executing the following cell:
------------------
regions = nasdaqdatalink.get_table('ZILLOW/REGIONS', paginate=True)
regions
------------------


[31m---------------------------------------------------------------------------[39m
[31mForbiddenError[39m                            Traceback (most recent call last)
[36mCell[39m[36m [39m[32mIn[3][39m[32m, line 1[39m
[32m----> [39m[32m1[39m regions = [43mnasdaqdatalink[49m[43m.[49m[43mget_table[49m[43m([49m[33;43m'[39;49m[33;43mZILLOW/REGIONS[39;49m[33;43m'[39;49m[43m,[49m[43m [49m[43mpaginate[49m[43m=[49m[38;5;28;43;01mTrue[39;49;00m[43m)[49m
[32m      2[39m regions

[36mFile [39m[32m~/Documents/fin-data-analysis-text/.venv/lib/python3.12/site-packages/nasdaqdatalink/get_table.py:19[39m, in [36mget_table[39m[34m(datatable_code, **options)[39m
[32m     17[39m [38;5;28;01mwhile[39;00m [38;5;28;01mTrue[39;00m:
[32m     18[39m     next_options = copy.deepcopy(options)
[32m---> [39m[32m19[39m     next_data = [43mDatatable[49m[43m([49m[43mdatatable_code[49m[43m)[49m[43m.[49m[43mdata[49m[43m([49m[43mparams[49m[43m=[49m[43mnext_options[49m[43m)[49m
[32m     21[39m     [38;5;28;01mif[39;00m data [38;5;129;01mis[39;00m [38;5;28;01mNone[39;00m:
[32m     22[39m         data = next_data

[36mFile [39m[32m~/Documents/fin-data-analysis-text/.venv/lib/python3.12/site-packages/nasdaqdatalink/model/datatable.py:31[39m, in [36mDatatable.data[39m[34m(self, **options)[39m
[32m     29[39m [38;5;28;01mif[39;00m [38;5;129;01mnot[39;00m options:
[32m     30[39m     options = {[33m'[39m[33mparams[39m[33m'[39m: {}}
[32m---> [39m[32m31[39m [38;5;28;01mreturn[39;00m [43mData[49m[43m.[49m[43mpage[49m[43m([49m[38;5;28;43mself[39;49m[43m,[49m[43m [49m[43m*[49m[43m*[49m[43moptions[49m[43m)[49m

[36mFile [39m[32m~/Documents/fin-data-analysis-text/.venv/lib/python3.12/site-packages/nasdaqdatalink/operations/list.py:30[39m, in [36mListOperation.page[39m[34m(cls, datatable, **options)[39m
[32m     26[39m request_type = RequestType.get_request_type(path, **options)
[32m     28[39m updated_options = Util.convert_options(request_type=request_type, **options)
[32m---> [39m[32m30[39m r = [43mConnection[49m[43m.[49m[43mrequest[49m[43m([49m[43mrequest_type[49m[43m,[49m[43m [49m[43mpath[49m[43m,[49m[43m [49m[43m*[49m[43m*[49m[43mupdated_options[49m[43m)[49m
[32m     32[39m response_data = r.json()
[32m     33[39m Util.convert_to_dates(response_data)

[36mFile [39m[32m~/Documents/fin-data-analysis-text/.venv/lib/python3.12/site-packages/nasdaqdatalink/connection.py:40[39m, in [36mConnection.request[39m[34m(cls, http_verb, url, **options)[39m
[32m     36[39m options[[33m'[39m[33mheaders[39m[33m'[39m] = headers
[32m     38[39m abs_url = [33m'[39m[38;5;132;01m%s[39;00m[33m/[39m[38;5;132;01m%s[39;00m[33m'[39m % (ApiConfig.api_base, url)
[32m---> [39m[32m40[39m [38;5;28;01mreturn[39;00m [38;5;28;43mcls[39;49m[43m.[49m[43mexecute_request[49m[43m([49m[43mhttp_verb[49m[43m,[49m[43m [49m[43mabs_url[49m[43m,[49m[43m [49m[43m*[49m[43m*[49m[43moptions[49m[43m)[49m

[36mFile [39m[32m~/Documents/fin-data-analysis-text/.venv/lib/python3.12/site-packages/nasdaqdatalink/connection.py:52[39m, in [36mConnection.execute_request[39m[34m(cls, http_verb, url, **options)[39m
[32m     47[39m response = session.request(method=http_verb,
[32m     48[39m                            url=url,
[32m     49[39m                            verify=ApiConfig.verify_ssl,
[32m     50[39m                            **options)
[32m     51[39m [38;5;28;01mif[39;00m response.status_code < [32m200[39m [38;5;129;01mor[39;00m response.status_code >= [32m300[39m:
[32m---> [39m[32m52[39m     [38;5;28;43mcls[39;49m[43m.[49m[43mhandle_api_error[49m[43m([49m[43mresponse[49m[43m)[49m
[32m     53[39m [38;5;28;01melse[39;00m:
[32m     54[39m     [38;5;28;01mreturn[39;00m response

[36mFile [39m[32m~/Documents/fin-data-analysis-text/.venv/lib/python3.12/site-packages/nasdaqdatalink/connection.py:120[39m, in [36mConnection.handle_api_error[39m[34m(cls, resp)[39m
[32m    109[39m d_klass = {
[32m    110[39m     [33m'[39m[33mL[39m[33m'[39m: LimitExceededError,
[32m    111[39m     [33m'[39m[33mM[39m[33m'[39m: InternalServerError,
[32m   (...)[39m[32m    116[39m     [33m'[39m[33mX[39m[33m'[39m: ServiceUnavailableError
[32m    117[39m }
[32m    118[39m klass = d_klass.get(code_letter, DataLinkError)
[32m--> [39m[32m120[39m [38;5;28;01mraise[39;00m klass(message, resp.status_code, resp.text, resp.headers, code)

[31mForbiddenError[39m: (Status 403) (Nasdaq Data Link Error QEPx04) A valid API key is required to retrieve data. Please check your API key and try again. You can find your API key under your account settings.

