Traceback (most recent call last):
  File "/Users/adamaiken/Documents/fin-data-analysis-text/.venv/lib/python3.12/site-packages/jupyter_cache/executors/utils.py", line 58, in single_nb_execution
    executenb(
  File "/Users/adamaiken/Documents/fin-data-analysis-text/.venv/lib/python3.12/site-packages/nbclient/client.py", line 1323, in execute
    return NotebookClient(nb=nb, resources=resources, km=km, **kwargs).execute()
           ^^^^^^^^^^^^^^^^^^^^^^^^^^^^^^^^^^^^^^^^^^^^^^^^^^^^^^^^^^^^^^^^^^^^^
  File "/Users/adamaiken/Documents/fin-data-analysis-text/.venv/lib/python3.12/site-packages/jupyter_core/utils/__init__.py", line 165, in wrapped
    return loop.run_until_complete(inner)
           ^^^^^^^^^^^^^^^^^^^^^^^^^^^^^^
  File "/Users/adamaiken/.pyenv/versions/3.12.3/lib/python3.12/asyncio/base_events.py", line 687, in run_until_complete
    return future.result()
           ^^^^^^^^^^^^^^^
  File "/Users/adamaiken/Documents/fin-data-analysis-text/.venv/lib/python3.12/site-packages/nbclient/client.py", line 709, in async_execute
    await self.async_execute_cell(
  File "/Users/adamaiken/Documents/fin-data-analysis-text/.venv/lib/python3.12/site-packages/nbclient/client.py", line 1062, in async_execute_cell
    await self._check_raise_for_error(cell, cell_index, exec_reply)
  File "/Users/adamaiken/Documents/fin-data-analysis-text/.venv/lib/python3.12/site-packages/nbclient/client.py", line 918, in _check_raise_for_error
    raise CellExecutionError.from_cell_and_msg(cell, exec_reply_content)
nbclient.exceptions.CellExecutionError: An error occurred while executing the following cell:
------------------
stocks_quarterly = stocks.resample('1q', label='right').last()
stocks_quarterly.head()
------------------


[31m---------------------------------------------------------------------------[39m
[31mValueError[39m                                Traceback (most recent call last)
[36mFile [39m[32mpandas/_libs/tslibs/offsets.pyx:6313[39m, in [36mpandas._libs.tslibs.offsets.to_offset[39m[34m()[39m

[36mFile [39m[32mpandas/_libs/tslibs/offsets.pyx:6180[39m, in [36mpandas._libs.tslibs.offsets._validate_to_offset_alias[39m[34m()[39m

[31mValueError[39m: 'q' is no longer supported for offsets. Please use 'QE' instead.

During handling of the above exception, another exception occurred:

[31mValueError[39m                                Traceback (most recent call last)
[36mCell[39m[36m [39m[32mIn[28][39m[32m, line 1[39m
[32m----> [39m[32m1[39m stocks_quarterly = [43mstocks[49m[43m.[49m[43mresample[49m[43m([49m[33;43m'[39;49m[33;43m1q[39;49m[33;43m'[39;49m[43m,[49m[43m [49m[43mlabel[49m[43m=[49m[33;43m'[39;49m[33;43mright[39;49m[33;43m'[39;49m[43m)[49m.last()
[32m      2[39m stocks_quarterly.head()

[36mFile [39m[32m~/Documents/fin-data-analysis-text/.venv/lib/python3.12/site-packages/pandas/core/generic.py:9423[39m, in [36mNDFrame.resample[39m[34m(self, rule, closed, label, convention, on, level, origin, offset, group_keys)[39m
[32m   9068[39m [38;5;250m[39m[33;03m"""[39;00m
[32m   9069[39m [33;03mResample time-series data.[39;00m
[32m   9070[39m 
[32m   (...)[39m[32m   9419[39m [33;03mFreq: 17min, dtype: int64[39;00m
[32m   9420[39m [33;03m"""[39;00m
[32m   9421[39m [38;5;28;01mfrom[39;00m[38;5;250m [39m[34;01mpandas[39;00m[34;01m.[39;00m[34;01mcore[39;00m[34;01m.[39;00m[34;01mresample[39;00m[38;5;250m [39m[38;5;28;01mimport[39;00m get_resampler
[32m-> [39m[32m9423[39m [38;5;28;01mreturn[39;00m [43mget_resampler[49m[43m([49m
[32m   9424[39m [43m    [49m[43mcast[49m[43m([49m[33;43m"[39;49m[33;43mSeries | DataFrame[39;49m[33;43m"[39;49m[43m,[49m[43m [49m[38;5;28;43mself[39;49m[43m)[49m[43m,[49m
[32m   9425[39m [43m    [49m[43mfreq[49m[43m=[49m[43mrule[49m[43m,[49m
[32m   9426[39m [43m    [49m[43mlabel[49m[43m=[49m[43mlabel[49m[43m,[49m
[32m   9427[39m [43m    [49m[43mclosed[49m[43m=[49m[43mclosed[49m[43m,[49m
[32m   9428[39m [43m    [49m[43mconvention[49m[43m=[49m[43mconvention[49m[43m,[49m
[32m   9429[39m [43m    [49m[43mkey[49m[43m=[49m[43mon[49m[43m,[49m
[32m   9430[39m [43m    [49m[43mlevel[49m[43m=[49m[43mlevel[49m[43m,[49m
[32m   9431[39m [43m    [49m[43morigin[49m[43m=[49m[43morigin[49m[43m,[49m
[32m   9432[39m [43m    [49m[43moffset[49m[43m=[49m[43moffset[49m[43m,[49m
[32m   9433[39m [43m    [49m[43mgroup_keys[49m[43m=[49m[43mgroup_keys[49m[43m,[49m
[32m   9434[39m [43m[49m[43m)[49m

[36mFile [39m[32m~/Documents/fin-data-analysis-text/.venv/lib/python3.12/site-packages/pandas/core/resample.py:2334[39m, in [36mget_resampler[39m[34m(obj, **kwds)[39m
[32m   2330[39m [38;5;28;01mdef[39;00m[38;5;250m [39m[34mget_resampler[39m(obj: Series | DataFrame, **kwds) -> Resampler:
[32m   2331[39m [38;5;250m    [39m[33;03m"""[39;00m
[32m   2332[39m [33;03m    Create a TimeGrouper and return our resampler.[39;00m
[32m   2333[39m [33;03m    """[39;00m
[32m-> [39m[32m2334[39m     tg = [43mTimeGrouper[49m[43m([49m[43mobj[49m[43m,[49m[43m [49m[43m*[49m[43m*[49m[43mkwds[49m[43m)[49m  [38;5;66;03m# type: ignore[arg-type][39;00m
[32m   2335[39m     [38;5;28;01mreturn[39;00m tg._get_resampler(obj)

[36mFile [39m[32m~/Documents/fin-data-analysis-text/.venv/lib/python3.12/site-packages/pandas/core/resample.py:2420[39m, in [36mTimeGrouper.__init__[39m[34m(self, obj, freq, key, closed, label, how, fill_method, limit, convention, origin, offset, group_keys, **kwargs)[39m
[32m   2418[39m     freq = to_offset(freq, is_period=[38;5;28;01mTrue[39;00m)
[32m   2419[39m [38;5;28;01melse[39;00m:
[32m-> [39m[32m2420[39m     freq = [43mto_offset[49m[43m([49m[43mfreq[49m[43m)[49m
[32m   2422[39m [38;5;28;01mif[39;00m [38;5;129;01mnot[39;00m [38;5;28misinstance[39m(freq, Tick):
[32m   2423[39m     [38;5;28;01mif[39;00m offset [38;5;129;01mis[39;00m [38;5;129;01mnot[39;00m [38;5;28;01mNone[39;00m:

[36mFile [39m[32mpandas/_libs/tslibs/offsets.pyx:6229[39m, in [36mpandas._libs.tslibs.offsets.to_offset[39m[34m()[39m

[36mFile [39m[32mpandas/_libs/tslibs/offsets.pyx:6352[39m, in [36mpandas._libs.tslibs.offsets.to_offset[39m[34m()[39m

[36mFile [39m[32mpandas/_libs/tslibs/offsets.pyx:6137[39m, in [36mpandas._libs.tslibs.offsets.raise_invalid_freq[39m[34m()[39m

[31mValueError[39m: Invalid frequency: 1q. Failed to parse with error message: ValueError("'q' is no longer supported for offsets. Please use 'QE' instead.")

